#
# A fatal error has been detected by the Java Runtime Environment:
#
#  SIGSEGV (0xb) at pc=0x00007fef649d5b74, pid=5001, tid=0x00007fef24ee4700
#
# JRE version: OpenJDK Runtime Environment (8.0) (build 1.8.0-internal-jenkins_2017_07_27_20_16-b00)
# Java VM: OpenJDK 64-Bit Server VM (25.71-b00 mixed mode linux-amd64 compressed oops)
# Problematic frame:
# j  com.planeacion.Materia_$$_jvst3d1_0.addTo(Ljava/lang/String;Ljava/lang/Object;)Lcom/planeacion/Materia;+18
#
# Failed to write core dump. Core dumps have been disabled. To enable core dumping, try "ulimit -c unlimited" before starting Java again
#
# If you would like to submit a bug report, please visit:
#   http://bugreport.java.com/bugreport/crash.jsp
#

---------------  T H R E A D  ---------------

Current thread (0x00007fef75a4c000):  JavaThread "http-nio-8080-exec-5" daemon [_thread_in_Java, id=5080, stack(0x00007fef24de4000,0x00007fef24ee5000)]

siginfo: si_signo: 11 (SIGSEGV), si_code: 1 (SEGV_MAPERR), si_addr: 0x0000000000001fa8

Registers:
RAX=0x0000000000001fa0, RBX=0x0000000000000000, RCX=0x0000000000000000, RDX=0x00000000f35239a0
RSP=0x00007fef24eddd40, RBP=0x00007fef24edddc0, RSI=0x00000000f35239a0, RDI=0x00007fef75a4c000
R8 =0x00007fef75a4cad0, R9 =0x0000000000000004, R10=0x00007fef79ef48a0, R11=0x0000000000000010
R12=0x0000000000000000, R13=0x00007fef26163878, R14=0x00007fef24eddde8, R15=0x00007fef75a4c000
RIP=0x00007fef649d5b74, EFLAGS=0x0000000000010206, CSGSFS=0x002b000000000033, ERR=0x0000000000000004
  TRAPNO=0x000000000000000e

Top of Stack: (sp=0x00007fef24eddd40)
0x00007fef24eddd40:   0000000000001fa0 0000000000000000
0x00007fef24eddd50:   00000000f35239a0 00000000f35239a0
0x00007fef24eddd60:   00000000d4778bc0 00000000d4778c88
0x00007fef24eddd70:   00007fef26163888 0000000000007fef
0x00007fef24eddd80:   00007fef24eddd80 00007fef26163872
0x00007fef24eddd90:   00007fef24eddde8 00007fef2616b028
0x00007fef24eddda0:   0000000000000000 00007fef26163888
0x00007fef24edddb0:   0000000000000000 00007fef24edddd8
0x00007fef24edddc0:   00007fef24edde40 00007fef649bb4e7
0x00007fef24edddd0:   00000000d4772680 00000000f33d7f40
0x00007fef24eddde0:   0000000000001fa0 00007fef26163888
0x00007fef24edddf0:   00007fef24ede010 00007fef24eddee0
0x00007fef24edde00:   00007fef75a4c000 00007fef75a4c000
0x00007fef24edde10:   00007fef24eddee0 00007fef24eddff8
0x00007fef24edde20:   00007fef0000000c 00007fef26163888
0x00007fef24edde30:   00007fef649cd9c0 00007fef24ede018
0x00007fef24edde40:   00007fef24eddf60 00007fef79610fab
0x00007fef24edde50:   0000000000000001 00007fef75a4c000
0x00007fef24edde60:   00000000fd72d370 00007fef649c2d80
0x00007fef24edde70:   00007fef24eddea0 00007fef0000000c
0x00007fef24edde80:   00007fef649cd9c0 00007fef0000000c
0x00007fef24edde90:   00007fef75a4ca20 00007fef24eddff0
0x00007fef24eddea0:   00007fef75a4c000 00007fef75a4c9a0
0x00007fef24eddeb0:   00007fef75a4c9e0 00007fef75a4ca38
0x00007fef24eddec0:   00007fef75a4cac8 00000000000000d8
0x00007fef24edded0:   00007fef24edef20 00007fef7a440876
0x00007fef24eddee0:   00007fef75a4c000 00007fef48003260
0x00007fef24eddef0:   00007fef26163888 00000000f33d7f40
0x00007fef24eddf00:   00007fef24ede260 00007fef64f74677
0x00007fef24eddf10:   0000000000000000 00007fef24eddff0
0x00007fef24eddf20:   00007fef24eddff0 ffd5850b8a9a4200
0x00007fef24eddf30:   00007fef75a4c000 00007fef24eddff0 

Instructions: (pc=0x00007fef649d5b74)
0x00007fef649d5b54:   8b 4c 24 08 48 8b 54 24 10 48 63 c9 3b 4a 0c 8b
0x00007fef649d5b64:   d9 0f 83 15 7a ff ff 48 85 c0 0f 84 32 01 00 00
0x00007fef649d5b74:   8b 58 08 48 c1 e3 03 8b 42 08 48 c1 e0 03 48 8b
0x00007fef649d5b84:   80 e0 00 00 00 48 8d 54 8a 10 48 8b 4d e0 48 85 

Register to memory mapping:

RAX=0x0000000000001fa0 is an unknown value
RBX=0x0000000000000000 is an unknown value
RCX=0x0000000000000000 is an unknown value
RDX=0x00000000f35239a0 is an oop
[Ljava.lang.Object; 
 - klass: 'java/lang/Object'[]
 - length: 2
RSP=0x00007fef24eddd40 is pointing into the stack for thread: 0x00007fef75a4c000
RBP=0x00007fef24edddc0 is pointing into the stack for thread: 0x00007fef75a4c000
RSI=0x00000000f35239a0 is an oop
[Ljava.lang.Object; 
 - klass: 'java/lang/Object'[]
 - length: 2
RDI=0x00007fef75a4c000 is a thread
R8 =0x00007fef75a4cad0 is an unknown value
R9 =0x0000000000000004 is an unknown value
R10=0x00007fef79ef48a0: <offset 0xf498a0> in /home/limbo/.sdkman/candidates/java/8u144-openjdk/jre/lib/amd64/server/libjvm.so at 0x00007fef78fab000
R11=0x0000000000000010 is an unknown value
R12=0x0000000000000000 is an unknown value
R13=0x00007fef26163878 is pointing into metadata
R14=0x00007fef24eddde8 is pointing into the stack for thread: 0x00007fef75a4c000
R15=0x00007fef75a4c000 is a thread


Stack: [0x00007fef24de4000,0x00007fef24ee5000],  sp=0x00007fef24eddd40,  free space=999k
Native frames: (J=compiled Java code, j=interpreted, Vv=VM code, C=native code)
j  com.planeacion.Materia_$$_jvst3d1_0.addTo(Ljava/lang/String;Ljava/lang/Object;)Lcom/planeacion/Materia;+18
v  ~StubRoutines::call_stub
V  [libjvm.so+0x665fab]  JavaCalls::call_helper(JavaValue*, methodHandle*, JavaCallArguments*, Thread*)+0xebb
V  [libjvm.so+0x939056]  Reflection::invoke(instanceKlassHandle, methodHandle, Handle, bool, objArrayHandle, BasicType, objArrayHandle, bool, Thread*)+0x686
V  [libjvm.so+0x93ad6f]  Reflection::invoke_method(oopDesc*, Handle, objArrayHandle, Thread*)+0x15f
V  [libjvm.so+0x6ad429]  JVM_InvokeMethod+0x119
J 2034  sun.reflect.NativeMethodAccessorImpl.invoke0(Ljava/lang/reflect/Method;Ljava/lang/Object;[Ljava/lang/Object;)Ljava/lang/Object; (0 bytes) @ 0x00007fef64f746ed [0x00007fef64f74600+0xed]
J 2033 C1 sun.reflect.NativeMethodAccessorImpl.invoke(Ljava/lang/Object;[Ljava/lang/Object;)Ljava/lang/Object; (104 bytes) @ 0x00007fef64f73d94 [0x00007fef64f73a20+0x374]
J 801 C1 sun.reflect.DelegatingMethodAccessorImpl.invoke(Ljava/lang/Object;[Ljava/lang/Object;)Ljava/lang/Object; (10 bytes) @ 0x00007fef64d4c7c4 [0x00007fef64d4c780+0x44]
J 800 C1 java.lang.reflect.Method.invoke(Ljava/lang/Object;[Ljava/lang/Object;)Ljava/lang/Object; (62 bytes) @ 0x00007fef64d4c3d4 [0x00007fef64d4c2e0+0xf4]
J 1885 C1 org.springsource.loaded.ri.ReflectiveInterceptor.jlrMethodInvoke(Ljava/lang/reflect/Method;Ljava/lang/Object;[Ljava/lang/Object;)Ljava/lang/Object; (2214 bytes) @ 0x00007fef64f028d4 [0x00007fef64f012a0+0x1634]
J 3862 C1 org.codehaus.groovy.reflection.CachedMethod.invoke(Ljava/lang/Object;[Ljava/lang/Object;)Ljava/lang/Object; (70 bytes) @ 0x00007fef65319774 [0x00007fef65319740+0x34]
J 3305 C1 groovy.lang.MetaMethod.doMethodInvoke(Ljava/lang/Object;[Ljava/lang/Object;)Ljava/lang/Object; (22 bytes) @ 0x00007fef651dc414 [0x00007fef651dc3a0+0x74]
J 3849 C1 groovy.lang.MetaClassImpl.getProperty(Ljava/lang/Class;Ljava/lang/Object;Ljava/lang/String;ZZ)Ljava/lang/Object; (457 bytes) @ 0x00007fef6530e64c [0x00007fef6530d660+0xfec]
J 11878 C1 groovy.lang.ExpandoMetaClass.getProperty(Ljava/lang/Class;Ljava/lang/Object;Ljava/lang/String;ZZ)Ljava/lang/Object; (71 bytes) @ 0x00007fef662ef51c [0x00007fef662ef3a0+0x17c]
J 12495 C1 groovy.lang.ExpandoMetaClass.getProperty(Ljava/lang/Object;Ljava/lang/String;)Ljava/lang/Object; (43 bytes) @ 0x00007fef66458f8c [0x00007fef66458e80+0x10c]
J 13880 C1 org.codehaus.groovy.runtime.callsite.PogoMetaClassGetPropertySite.getProperty(Ljava/lang/Object;)Ljava/lang/Object; (21 bytes) @ 0x00007fef6671f444 [0x00007fef6671f400+0x44]
J 3837 C1 org.codehaus.groovy.runtime.callsite.AbstractCallSite.callGetProperty(Ljava/lang/Object;)Ljava/lang/Object; (12 bytes) @ 0x00007fef653048e4 [0x00007fef65304880+0x64]
j  com.planeacion.CatedraController$$EQsuyj6e.update(Lcom/planeacion/CatedraController;Lcom/planeacion/Catedra;)Ljava/lang/Object;+473
j  com.planeacion.CatedraController$$DQsuyj6e.update(Lcom/planeacion/CatedraController;Lcom/planeacion/Catedra;)Ljava/lang/Object;+2
j  com.planeacion.CatedraController.update(Lcom/planeacion/Catedra;)Ljava/lang/Object;+38
j  com.planeacion.CatedraController$$EQsuyj6e.update(Lcom/planeacion/CatedraController;)Ljava/lang/Object;+390
v  ~StubRoutines::call_stub
V  [libjvm.so+0x665fab]  JavaCalls::call_helper(JavaValue*, methodHandle*, JavaCallArguments*, Thread*)+0xebb
V  [libjvm.so+0x939056]  Reflection::invoke(instanceKlassHandle, methodHandle, Handle, bool, objArrayHandle, BasicType, objArrayHandle, bool, Thread*)+0x686
V  [libjvm.so+0x93ad6f]  Reflection::invoke_method(oopDesc*, Handle, objArrayHandle, Thread*)+0x15f
V  [libjvm.so+0x6ad429]  JVM_InvokeMethod+0x119
J 2034  sun.reflect.NativeMethodAccessorImpl.invoke0(Ljava/lang/reflect/Method;Ljava/lang/Object;[Ljava/lang/Object;)Ljava/lang/Object; (0 bytes) @ 0x00007fef64f746ed [0x00007fef64f74600+0xed]
J 2033 C1 sun.reflect.NativeMethodAccessorImpl.invoke(Ljava/lang/Object;[Ljava/lang/Object;)Ljava/lang/Object; (104 bytes) @ 0x00007fef64f73d94 [0x00007fef64f73a20+0x374]
J 801 C1 sun.reflect.DelegatingMethodAccessorImpl.invoke(Ljava/lang/Object;[Ljava/lang/Object;)Ljava/lang/Object; (10 bytes) @ 0x00007fef64d4c7c4 [0x00007fef64d4c780+0x44]
J 800 C1 java.lang.reflect.Method.invoke(Ljava/lang/Object;[Ljava/lang/Object;)Ljava/lang/Object; (62 bytes) @ 0x00007fef64d4c3d4 [0x00007fef64d4c2e0+0xf4]
J 12535 C1 org.springsource.loaded.ri.ReloadedTypeInvoker$2.invoke(Ljava/lang/Object;[Ljava/lang/Object;)Ljava/lang/Object; (70 bytes) @ 0x00007fef6646a37c [0x00007fef6646a080+0x2fc]
J 1885 C1 org.springsource.loaded.ri.ReflectiveInterceptor.jlrMethodInvoke(Ljava/lang/reflect/Method;Ljava/lang/Object;[Ljava/lang/Object;)Ljava/lang/Object; (2214 bytes) @ 0x00007fef64f029d4 [0x00007fef64f012a0+0x1734]
j  org.grails.core.DefaultGrailsControllerClass$ReflectionInvoker.invoke(Ljava/lang/Object;)Ljava/lang/Object;+9
j  org.grails.core.DefaultGrailsControllerClass.invoke(Ljava/lang/Object;Ljava/lang/String;)Ljava/lang/Object;+57
j  org.grails.web.mapping.mvc.UrlMappingsInfoHandlerAdapter.handle(Ljavax/servlet/http/HttpServletRequest;Ljavax/servlet/http/HttpServletResponse;Ljava/lang/Object;)Lorg/springframework/web/servlet/ModelAndView;+405
j  org.springframework.web.servlet.DispatcherServlet.doDispatch(Ljavax/servlet/http/HttpServletRequest;Ljavax/servlet/http/HttpServletResponse;)V+322
j  org.springframework.web.servlet.DispatcherServlet.doService(Ljavax/servlet/http/HttpServletRequest;Ljavax/servlet/http/HttpServletResponse;)V+307
j  org.springframework.web.servlet.FrameworkServlet.processRequest(Ljavax/servlet/http/HttpServletRequest;Ljavax/servlet/http/HttpServletResponse;)V+71
j  org.springframework.web.servlet.FrameworkServlet.doGet(Ljavax/servlet/http/HttpServletRequest;Ljavax/servlet/http/HttpServletResponse;)V+3
j  javax.servlet.http.HttpServlet.service(Ljavax/servlet/http/HttpServletRequest;Ljavax/servlet/http/HttpServletResponse;)V+35
j  org.springframework.web.servlet.FrameworkServlet.service(Ljavax/servlet/http/HttpServletRequest;Ljavax/servlet/http/HttpServletResponse;)V+33
j  javax.servlet.http.HttpServlet.service(Ljavax/servlet/ServletRequest;Ljavax/servlet/ServletResponse;)V+31
J 8773 C1 org.apache.catalina.core.ApplicationFilterChain.internalDoFilter(Ljavax/servlet/ServletRequest;Ljavax/servlet/ServletResponse;)V (388 bytes) @ 0x00007fef65c1d014 [0x00007fef65c1ce00+0x214]
J 8772 C1 org.apache.catalina.core.ApplicationFilterChain.doFilter(Ljavax/servlet/ServletRequest;Ljavax/servlet/ServletResponse;)V (105 bytes) @ 0x00007fef65c1c974 [0x00007fef65c1c940+0x34]
j  org.apache.tomcat.websocket.server.WsFilter.doFilter(Ljavax/servlet/ServletRequest;Ljavax/servlet/ServletResponse;Ljavax/servlet/FilterChain;)V+21
J 8773 C1 org.apache.catalina.core.ApplicationFilterChain.internalDoFilter(Ljavax/servlet/ServletRequest;Ljavax/servlet/ServletResponse;)V (388 bytes) @ 0x00007fef65c1d284 [0x00007fef65c1ce00+0x484]
J 8772 C1 org.apache.catalina.core.ApplicationFilterChain.doFilter(Ljavax/servlet/ServletRequest;Ljavax/servlet/ServletResponse;)V (105 bytes) @ 0x00007fef65c1c974 [0x00007fef65c1c940+0x34]
j  org.springframework.boot.web.filter.ApplicationContextHeaderFilter.doFilterInternal(Ljavax/servlet/http/HttpServletRequest;Ljavax/servlet/http/HttpServletResponse;Ljavax/servlet/FilterChain;)V+20
J 9113 C1 org.springframework.web.filter.OncePerRequestFilter.doFilter(Ljavax/servlet/ServletRequest;Ljavax/servlet/ServletResponse;Ljavax/servlet/FilterChain;)V (139 bytes) @ 0x00007fef65cb3684 [0x00007fef65cb3400+0x284]
J 8773 C1 org.apache.catalina.core.ApplicationFilterChain.internalDoFilter(Ljavax/servlet/ServletRequest;Ljavax/servlet/ServletResponse;)V (388 bytes) @ 0x00007fef65c1d284 [0x00007fef65c1ce00+0x484]
J 8772 C1 org.apache.catalina.core.ApplicationFilterChain.doFilter(Ljavax/servlet/ServletRequest;Ljavax/servlet/ServletResponse;)V (105 bytes) @ 0x00007fef65c1c974 [0x00007fef65c1c940+0x34]
J 11683 C1 org.springframework.boot.actuate.trace.WebRequestTraceFilter.doFilterInternal(Ljavax/servlet/http/HttpServletRequest;Ljavax/servlet/http/HttpServletResponse;Ljavax/servlet/FilterChain;)V (154 bytes) @ 0x00007fef66297814 [0x00007fef66297740+0xd4]
J 9113 C1 org.springframework.web.filter.OncePerRequestFilter.doFilter(Ljavax/servlet/ServletRequest;Ljavax/servlet/ServletResponse;Ljavax/servlet/FilterChain;)V (139 bytes) @ 0x00007fef65cb3684 [0x00007fef65cb3400+0x284]
J 8773 C1 org.apache.catalina.core.ApplicationFilterChain.internalDoFilter(Ljavax/servlet/ServletRequest;Ljavax/servlet/ServletResponse;)V (388 bytes) @ 0x00007fef65c1d284 [0x00007fef65c1ce00+0x484]
J 8772 C1 org.apache.catalina.core.ApplicationFilterChain.doFilter(Ljavax/servlet/ServletRequest;Ljavax/servlet/ServletResponse;)V (105 bytes) @ 0x00007fef65c1c974 [0x00007fef65c1c940+0x34]
J 11691 C1 org.springframework.security.web.FilterChainProxy$VirtualFilterChain.doFilter(Ljavax/servlet/ServletRequest;Ljavax/servlet/ServletResponse;)V (198 bytes) @ 0x00007fef6629b32c [0x00007fef6629a960+0x9cc]
j  org.springframework.security.web.access.intercept.FilterSecurityInterceptor.invoke(Lorg/springframework/security/web/FilterInvocation;)V+87
j  org.springframework.security.web.access.intercept.FilterSecurityInterceptor.doFilter(Ljavax/servlet/ServletRequest;Ljavax/servlet/ServletResponse;Ljavax/servlet/FilterChain;)V+15
J 11691 C1 org.springframework.security.web.FilterChainProxy$VirtualFilterChain.doFilter(Ljavax/servlet/ServletRequest;Ljavax/servlet/ServletResponse;)V (198 bytes) @ 0x00007fef6629b2cc [0x00007fef6629a960+0x96c]
j  org.springframework.security.web.access.ExceptionTranslationFilter.doFilter(Ljavax/servlet/ServletRequest;Ljavax/servlet/ServletResponse;Ljavax/servlet/FilterChain;)V+17
j  grails.plugin.springsecurity.web.UpdateRequestContextHolderExceptionTranslationFilter.doFilter(Ljavax/servlet/ServletRequest;Ljavax/servlet/ServletResponse;Ljavax/servlet/FilterChain;)V+161
J 11691 C1 org.springframework.security.web.FilterChainProxy$VirtualFilterChain.doFilter(Ljavax/servlet/ServletRequest;Ljavax/servlet/ServletResponse;)V (198 bytes) @ 0x00007fef6629b2cc [0x00007fef6629a960+0x96c]
j  grails.plugin.springsecurity.web.filter.GrailsAnonymousAuthenticationFilter.doFilter(Ljavax/servlet/ServletRequest;Ljavax/servlet/ServletResponse;Ljavax/servlet/FilterChain;)V+18
J 11691 C1 org.springframework.security.web.FilterChainProxy$VirtualFilterChain.doFilter(Ljavax/servlet/ServletRequest;Ljavax/servlet/ServletResponse;)V (198 bytes) @ 0x00007fef6629b2cc [0x00007fef6629a960+0x96c]
j  org.springframework.security.web.authentication.rememberme.RememberMeAuthenticationFilter.doFilter(Ljavax/servlet/ServletRequest;Ljavax/servlet/ServletResponse;Ljavax/servlet/FilterChain;)V+332
J 11691 C1 org.springframework.security.web.FilterChainProxy$VirtualFilterChain.doFilter(Ljavax/servlet/ServletRequest;Ljavax/servlet/ServletResponse;)V (198 bytes) @ 0x00007fef6629b2cc [0x00007fef6629a960+0x96c]
J 13825 C1 org.springframework.security.web.servletapi.SecurityContextHolderAwareRequestFilter.doFilter(Ljavax/servlet/ServletRequest;Ljavax/servlet/ServletResponse;Ljavax/servlet/FilterChain;)V (25 bytes) @ 0x00007fef660db9c4 [0x00007fef660db7a0+0x224]
J 11691 C1 org.springframework.security.web.FilterChainProxy$VirtualFilterChain.doFilter(Ljavax/servlet/ServletRequest;Ljavax/servlet/ServletResponse;)V (198 bytes) @ 0x00007fef6629b2cc [0x00007fef6629a960+0x96c]
J 13689 C1 org.springframework.security.web.authentication.AbstractAuthenticationProcessingFilter.doFilter(Ljavax/servlet/ServletRequest;Ljavax/servlet/ServletResponse;Ljavax/servlet/FilterChain;)V (159 bytes) @ 0x00007fef666cffd4 [0x00007fef666cfda0+0x234]
J 11691 C1 org.springframework.security.web.FilterChainProxy$VirtualFilterChain.doFilter(Ljavax/servlet/ServletRequest;Ljavax/servlet/ServletResponse;)V (198 bytes) @ 0x00007fef6629b2cc [0x00007fef6629a960+0x96c]
j  grails.plugin.springsecurity.web.authentication.logout.MutableLogoutFilter.doFilter(Ljavax/servlet/ServletRequest;Ljavax/servlet/ServletResponse;Ljavax/servlet/FilterChain;)V+95
J 11691 C1 org.springframework.security.web.FilterChainProxy$VirtualFilterChain.doFilter(Ljavax/servlet/ServletRequest;Ljavax/servlet/ServletResponse;)V (198 bytes) @ 0x00007fef6629b2cc [0x00007fef6629a960+0x96c]
j  org.springframework.security.web.context.SecurityContextPersistenceFilter.doFilter(Ljavax/servlet/ServletRequest;Ljavax/servlet/ServletResponse;Ljavax/servlet/FilterChain;)V+165
J 11691 C1 org.springframework.security.web.FilterChainProxy$VirtualFilterChain.doFilter(Ljavax/servlet/ServletRequest;Ljavax/servlet/ServletResponse;)V (198 bytes) @ 0x00007fef6629b2cc [0x00007fef6629a960+0x96c]
J 13655 C1 grails.plugin.springsecurity.web.SecurityRequestHolderFilter.doFilter(Ljavax/servlet/ServletRequest;Ljavax/servlet/ServletResponse;Ljavax/servlet/FilterChain;)V (68 bytes) @ 0x00007fef666c206c [0x00007fef666c1b40+0x52c]
J 11691 C1 org.springframework.security.web.FilterChainProxy$VirtualFilterChain.doFilter(Ljavax/servlet/ServletRequest;Ljavax/servlet/ServletResponse;)V (198 bytes) @ 0x00007fef6629b2cc [0x00007fef6629a960+0x96c]
J 13265 C1 org.springframework.security.web.FilterChainProxy.doFilterInternal(Ljavax/servlet/ServletRequest;Ljavax/servlet/ServletResponse;Ljavax/servlet/FilterChain;)V (146 bytes) @ 0x00007fef665ef864 [0x00007fef665ef180+0x6e4]
J 12173 C1 org.springframework.security.web.FilterChainProxy.doFilter(Ljavax/servlet/ServletRequest;Ljavax/servlet/ServletResponse;Ljavax/servlet/FilterChain;)V (86 bytes) @ 0x00007fef663b76b4 [0x00007fef663b75e0+0xd4]
J 8773 C1 org.apache.catalina.core.ApplicationFilterChain.internalDoFilter(Ljavax/servlet/ServletRequest;Ljavax/servlet/ServletResponse;)V (388 bytes) @ 0x00007fef65c1d284 [0x00007fef65c1ce00+0x484]
J 8772 C1 org.apache.catalina.core.ApplicationFilterChain.doFilter(Ljavax/servlet/ServletRequest;Ljavax/servlet/ServletResponse;)V (105 bytes) @ 0x00007fef65c1c974 [0x00007fef65c1c940+0x34]
J 13262 C1 org.grails.web.servlet.mvc.GrailsWebRequestFilter.doFilterInternal(Ljavax/servlet/http/HttpServletRequest;Ljavax/servlet/http/HttpServletResponse;Ljavax/servlet/FilterChain;)V (304 bytes) @ 0x00007fef665eb954 [0x00007fef665eb160+0x7f4]
J 9113 C1 org.springframework.web.filter.OncePerRequestFilter.doFilter(Ljavax/servlet/ServletRequest;Ljavax/servlet/ServletResponse;Ljavax/servlet/FilterChain;)V (139 bytes) @ 0x00007fef65cb3684 [0x00007fef65cb3400+0x284]
J 8773 C1 org.apache.catalina.core.ApplicationFilterChain.internalDoFilter(Ljavax/servlet/ServletRequest;Ljavax/servlet/ServletResponse;)V (388 bytes) @ 0x00007fef65c1d284 [0x00007fef65c1ce00+0x484]
J 8772 C1 org.apache.catalina.core.ApplicationFilterChain.doFilter(Ljavax/servlet/ServletRequest;Ljavax/servlet/ServletResponse;)V (105 bytes) @ 0x00007fef65c1c974 [0x00007fef65c1c940+0x34]
J 12829 C1 org.grails.web.filters.HiddenHttpMethodFilter.doFilterInternal(Ljavax/servlet/http/HttpServletRequest;Ljavax/servlet/http/HttpServletResponse;Ljavax/servlet/FilterChain;)V (56 bytes) @ 0x00007fef665078bc [0x00007fef665077c0+0xfc]
J 9113 C1 org.springframework.web.filter.OncePerRequestFilter.doFilter(Ljavax/servlet/ServletRequest;Ljavax/servlet/ServletResponse;Ljavax/servlet/FilterChain;)V (139 bytes) @ 0x00007fef65cb3684 [0x00007fef65cb3400+0x284]
J 8773 C1 org.apache.catalina.core.ApplicationFilterChain.internalDoFilter(Ljavax/servlet/ServletRequest;Ljavax/servlet/ServletResponse;)V (388 bytes) @ 0x00007fef65c1d284 [0x00007fef65c1ce00+0x484]
J 8772 C1 org.apache.catalina.core.ApplicationFilterChain.doFilter(Ljavax/servlet/ServletRequest;Ljavax/servlet/ServletResponse;)V (105 bytes) @ 0x00007fef65c1c974 [0x00007fef65c1c940+0x34]
J 12138 C1 org.springframework.web.filter.CharacterEncodingFilter.doFilterInternal(Ljavax/servlet/http/HttpServletRequest;Ljavax/servlet/http/HttpServletResponse;Ljavax/servlet/FilterChain;)V (59 bytes) @ 0x00007fef663a08bc [0x00007fef663a07a0+0x11c]
J 9113 C1 org.springframework.web.filter.OncePerRequestFilter.doFilter(Ljavax/servlet/ServletRequest;Ljavax/servlet/ServletResponse;Ljavax/servlet/FilterChain;)V (139 bytes) @ 0x00007fef65cb3684 [0x00007fef65cb3400+0x284]
J 8773 C1 org.apache.catalina.core.ApplicationFilterChain.internalDoFilter(Ljavax/servlet/ServletRequest;Ljavax/servlet/ServletResponse;)V (388 bytes) @ 0x00007fef65c1d284 [0x00007fef65c1ce00+0x484]
J 8772 C1 org.apache.catalina.core.ApplicationFilterChain.doFilter(Ljavax/servlet/ServletRequest;Ljavax/servlet/ServletResponse;)V (105 bytes) @ 0x00007fef65c1c974 [0x00007fef65c1c940+0x34]
J 12160 C1 org.springframework.web.filter.CorsFilter.doFilterInternal(Ljavax/servlet/http/HttpServletRequest;Ljavax/servlet/http/HttpServletResponse;Ljavax/servlet/FilterChain;)V (61 bytes) @ 0x00007fef663b1784 [0x00007fef663b1640+0x144]
J 9113 C1 org.springframework.web.filter.OncePerRequestFilter.doFilter(Ljavax/servlet/ServletRequest;Ljavax/servlet/ServletResponse;Ljavax/servlet/FilterChain;)V (139 bytes) @ 0x00007fef65cb3684 [0x00007fef65cb3400+0x284]
J 8773 C1 org.apache.catalina.core.ApplicationFilterChain.internalDoFilter(Ljavax/servlet/ServletRequest;Ljavax/servlet/ServletResponse;)V (388 bytes) @ 0x00007fef65c1d284 [0x00007fef65c1ce00+0x484]
J 8772 C1 org.apache.catalina.core.ApplicationFilterChain.doFilter(Ljavax/servlet/ServletRequest;Ljavax/servlet/ServletResponse;)V (105 bytes) @ 0x00007fef65c1c974 [0x00007fef65c1c940+0x34]
J 12171 C1 org.springframework.boot.actuate.autoconfigure.MetricsFilter.doFilterInternal(Ljavax/servlet/http/HttpServletRequest;Ljavax/servlet/http/HttpServletResponse;Ljavax/servlet/FilterChain;)V (158 bytes) @ 0x00007fef663b6454 [0x00007fef663b6340+0x114]
J 9113 C1 org.springframework.web.filter.OncePerRequestFilter.doFilter(Ljavax/servlet/ServletRequest;Ljavax/servlet/ServletResponse;Ljavax/servlet/FilterChain;)V (139 bytes) @ 0x00007fef65cb3684 [0x00007fef65cb3400+0x284]
J 8773 C1 org.apache.catalina.core.ApplicationFilterChain.internalDoFilter(Ljavax/servlet/ServletRequest;Ljavax/servlet/ServletResponse;)V (388 bytes) @ 0x00007fef65c1d284 [0x00007fef65c1ce00+0x484]
...<more frames>...


---------------  P R O C E S S  ---------------

Java Threads: ( => current thread )
  0x00007fef74016800 JavaThread "DestroyJavaVM" [_thread_blocked, id=5003, stack(0x00007fef7aa34000,0x00007fef7ab35000)]
  0x00007fef75ab0000 JavaThread "Thread-6" daemon [_thread_blocked, id=5092, stack(0x00007fef241d8000,0x00007fef242d9000)]
  0x00007fef75aae000 JavaThread "Thread-8" [_thread_blocked, id=5091, stack(0x00007fef242d9000,0x00007fef243da000)]
  0x00007fef75aa6800 JavaThread "Thread-7" daemon [_thread_in_native, id=5090, stack(0x00007fef243da000,0x00007fef244db000)]
  0x00007fef75a90000 JavaThread "http-nio-8080-AsyncTimeout" daemon [_thread_blocked, id=5089, stack(0x00007fef244db000,0x00007fef245dc000)]
  0x00007fef75a8e800 JavaThread "http-nio-8080-Acceptor-0" daemon [_thread_in_native, id=5088, stack(0x00007fef245dc000,0x00007fef246dd000)]
  0x00007fef75a8c000 JavaThread "http-nio-8080-ClientPoller-1" daemon [_thread_in_native, id=5087, stack(0x00007fef246dd000,0x00007fef247de000)]
  0x00007fef75a71800 JavaThread "http-nio-8080-ClientPoller-0" daemon [_thread_in_native, id=5086, stack(0x00007fef247de000,0x00007fef248df000)]
  0x00007fef75a55800 JavaThread "http-nio-8080-exec-10" daemon [_thread_blocked, id=5085, stack(0x00007fef248df000,0x00007fef249e0000)]
  0x00007fef75a53800 JavaThread "http-nio-8080-exec-9" daemon [_thread_blocked, id=5084, stack(0x00007fef249e0000,0x00007fef24ae1000)]
  0x00007fef75a51800 JavaThread "http-nio-8080-exec-8" daemon [_thread_blocked, id=5083, stack(0x00007fef24ae1000,0x00007fef24be2000)]
  0x00007fef75a50000 JavaThread "http-nio-8080-exec-7" daemon [_thread_blocked, id=5082, stack(0x00007fef24be2000,0x00007fef24ce3000)]
  0x00007fef75a4e000 JavaThread "http-nio-8080-exec-6" daemon [_thread_blocked, id=5081, stack(0x00007fef24ce3000,0x00007fef24de4000)]
=>0x00007fef75a4c000 JavaThread "http-nio-8080-exec-5" daemon [_thread_in_Java, id=5080, stack(0x00007fef24de4000,0x00007fef24ee5000)]
  0x00007fef75a4a000 JavaThread "http-nio-8080-exec-4" daemon [_thread_blocked, id=5079, stack(0x00007fef24ee5000,0x00007fef24fe6000)]
  0x00007fef75a48000 JavaThread "http-nio-8080-exec-3" daemon [_thread_blocked, id=5078, stack(0x00007fef24fe6000,0x00007fef250e7000)]
  0x00007fef75a46800 JavaThread "http-nio-8080-exec-2" daemon [_thread_blocked, id=5077, stack(0x00007fef250e7000,0x00007fef251e8000)]
  0x00007fef75a45800 JavaThread "http-nio-8080-exec-1" daemon [_thread_blocked, id=5076, stack(0x00007fef27eff000,0x00007fef28000000)]
  0x00007fef75a43800 JavaThread "NioBlockingSelector.BlockPoller-1" daemon [_thread_in_native, id=5075, stack(0x00007fef25bea000,0x00007fef25ceb000)]
  0x00007fef75686000 JavaThread "container-0" [_thread_blocked, id=5068, stack(0x00007fef257e8000,0x00007fef258e9000)]
  0x00007fef75685800 JavaThread "ContainerBackgroundProcessor[StandardEngine[Tomcat]]" daemon [_thread_blocked, id=5067, stack(0x00007fef258e9000,0x00007fef259ea000)]
  0x00007fef752b8000 JavaThread "Tomcat JDBC Pool Cleaner[414493378:1527115252574]" daemon [_thread_blocked, id=5060, stack(0x00007fef302d2000,0x00007fef303d3000)]
  0x00007fef747c6000 JavaThread "FileSystemWatcher: files=#61 cl=sun.misc.Launcher$AppClassLoader@18b4aac2" daemon [_thread_blocked, id=5020, stack(0x00007fef60078000,0x00007fef60179000)]
  0x00007fef74758000 JavaThread "Service Thread" daemon [_thread_blocked, id=5018, stack(0x00007fef60294000,0x00007fef60395000)]
  0x00007fef74745000 JavaThread "C1 CompilerThread2" daemon [_thread_blocked, id=5017, stack(0x00007fef60395000,0x00007fef60496000)]
  0x00007fef74743000 JavaThread "C2 CompilerThread1" daemon [_thread_blocked, id=5016, stack(0x00007fef60496000,0x00007fef60597000)]
  0x00007fef7474d000 JavaThread "C2 CompilerThread0" daemon [_thread_blocked, id=5015, stack(0x00007fef60597000,0x00007fef60698000)]
  0x00007fef74147800 JavaThread "Signal Dispatcher" daemon [_thread_blocked, id=5014, stack(0x00007fef60cba000,0x00007fef60dbb000)]
  0x00007fef74113800 JavaThread "Finalizer" daemon [_thread_blocked, id=5013, stack(0x00007fef611cb000,0x00007fef612cc000)]
  0x00007fef7410f000 JavaThread "Reference Handler" daemon [_thread_blocked, id=5012, stack(0x00007fef612cc000,0x00007fef613cd000)]

Other Threads:
  0x00007fef74107000 VMThread [stack: 0x00007fef613cd000,0x00007fef614ce000] [id=5011]
  0x00007fef7475a800 WatcherThread [stack: 0x00007fef60193000,0x00007fef60294000] [id=5019]

VM state:not at safepoint (normal execution)

VM Mutex/Monitor currently owned by a thread: None

Heap:
 PSYoungGen      total 235520K, used 71768K [0x00000000f0000000, 0x0000000100000000, 0x0000000100000000)
  eden space 218112K, 24% used [0x00000000f0000000,0x00000000f3534e70,0x00000000fd500000)
  from space 17408K, 99% used [0x00000000fd500000,0x00000000fe5e1218,0x00000000fe600000)
  to   space 23040K, 0% used [0x00000000fe980000,0x00000000fe980000,0x0000000100000000)
 ParOldGen       total 524288K, used 179097K [0x00000000d0000000, 0x00000000f0000000, 0x00000000f0000000)
  object space 524288K, 34% used [0x00000000d0000000,0x00000000daee6450,0x00000000f0000000)
 Metaspace       used 88973K, capacity 94666K, committed 94936K, reserved 1132544K
  class space    used 10567K, capacity 12443K, committed 12504K, reserved 1048576K

Card table byte_map: [0x00007fef6447a000,0x00007fef645fb000] byte_map_base: 0x00007fef63dfa000

Marking Bits: (ParMarkBitMap*) 0x00007fef79ee43a0
 Begin Bits: [0x00007fef62978000, 0x00007fef63578000)
 End Bits:   [0x00007fef63578000, 0x00007fef64178000)

Polling page: 0x00007fef7aa33000

CodeCache: size=245760Kb used=30076Kb max_used=30076Kb free=215683Kb
 bounds [0x00007fef649bb000, 0x00007fef6672b000, 0x00007fef739bb000]
 total_blobs=14305 nmethods=13517 adapters=701
 compilation: enabled

Compilation events (10 events):
Event: 4078.339 Thread 0x00007fef74745000 13883       1       org.hibernate.internal.CriteriaImpl::<init> (98 bytes)
Event: 4078.340 Thread 0x00007fef74745000 nmethod 13883 0x00007fef66721f10 code [0x00007fef66722080, 0x00007fef667224d0]
Event: 4078.340 Thread 0x00007fef74745000 13887       1       org.hibernate.loader.criteria.CriteriaLoader::getResultList (12 bytes)
Event: 4078.340 Thread 0x00007fef74745000 nmethod 13887 0x00007fef66722650 code [0x00007fef667227c0, 0x00007fef66722908]
Event: 4078.340 Thread 0x00007fef74745000 13884   !   1       org.hibernate.internal.CriteriaImpl::list (28 bytes)
Event: 4078.340 Thread 0x00007fef74745000 nmethod 13884 0x00007fef66722a10 code [0x00007fef66722ba0, 0x00007fef66722d78]
Event: 4078.340 Thread 0x00007fef74745000 13885       1       org.hibernate.internal.CriteriaImpl::before (67 bytes)
Event: 4078.341 Thread 0x00007fef74745000 nmethod 13885 0x00007fef66722e90 code [0x00007fef66723020, 0x00007fef66723238]
Event: 4078.341 Thread 0x00007fef74745000 13882       1       org.hibernate.internal.CriteriaImpl::<init> (9 bytes)
Event: 4078.341 Thread 0x00007fef74745000 nmethod 13882 0x00007fef66723310 code [0x00007fef66723480, 0x00007fef667235c8]

GC Heap History (10 events):
Event: 2989.000 GC heap before
{Heap before GC invocations=90 (full 3):
 PSYoungGen      total 248320K, used 241295K [0x00000000f0000000, 0x0000000100000000, 0x0000000100000000)
  eden space 233984K, 100% used [0x00000000f0000000,0x00000000fe480000,0x00000000fe480000)
  from space 14336K, 51% used [0x00000000ff200000,0x00000000ff923ea0,0x0000000100000000)
  to   space 13824K, 0% used [0x00000000fe480000,0x00000000fe480000,0x00000000ff200000)
 ParOldGen       total 524288K, used 173521K [0x00000000d0000000, 0x00000000f0000000, 0x00000000f0000000)
  object space 524288K, 33% used [0x00000000d0000000,0x00000000da9744b8,0x00000000f0000000)
 Metaspace       used 86572K, capacity 91988K, committed 92120K, reserved 1128448K
  class space    used 10386K, capacity 12154K, committed 12248K, reserved 1048576K
Event: 2989.081 GC heap after
Heap after GC invocations=90 (full 3):
 PSYoungGen      total 247808K, used 13806K [0x00000000f0000000, 0x0000000100000000, 0x0000000100000000)
  eden space 233984K, 0% used [0x00000000f0000000,0x00000000f0000000,0x00000000fe480000)
  from space 13824K, 99% used [0x00000000fe480000,0x00000000ff1fb820,0x00000000ff200000)
  to   space 14336K, 0% used [0x00000000ff200000,0x00000000ff200000,0x0000000100000000)
 ParOldGen       total 524288K, used 174782K [0x00000000d0000000, 0x00000000f0000000, 0x00000000f0000000)
  object space 524288K, 33% used [0x00000000d0000000,0x00000000daaafad0,0x00000000f0000000)
 Metaspace       used 86572K, capacity 91988K, committed 92120K, reserved 1128448K
  class space    used 10386K, capacity 12154K, committed 12248K, reserved 1048576K
}
Event: 3101.260 GC heap before
{Heap before GC invocations=91 (full 3):
 PSYoungGen      total 247808K, used 247521K [0x00000000f0000000, 0x0000000100000000, 0x0000000100000000)
  eden space 233984K, 99% used [0x00000000f0000000,0x00000000fe43cf20,0x00000000fe480000)
  from space 13824K, 99% used [0x00000000fe480000,0x00000000ff1fb820,0x00000000ff200000)
  to   space 14336K, 0% used [0x00000000ff200000,0x00000000ff200000,0x0000000100000000)
 ParOldGen       total 524288K, used 174782K [0x00000000d0000000, 0x00000000f0000000, 0x00000000f0000000)
  object space 524288K, 33% used [0x00000000d0000000,0x00000000daaafad0,0x00000000f0000000)
 Metaspace       used 87251K, capacity 92814K, committed 93016K, reserved 1130496K
  class space    used 10455K, capacity 12275K, committed 12376K, reserved 1048576K
Event: 3101.388 GC heap after
Heap after GC invocations=91 (full 3):
 PSYoungGen      total 239616K, used 14325K [0x00000000f0000000, 0x0000000100000000, 0x0000000100000000)
  eden space 225280K, 0% used [0x00000000f0000000,0x00000000f0000000,0x00000000fdc00000)
  from space 14336K, 99% used [0x00000000ff200000,0x00000000ffffd4b8,0x0000000100000000)
  to   space 18432K, 0% used [0x00000000fdc00000,0x00000000fdc00000,0x00000000fee00000)
 ParOldGen       total 524288K, used 178244K [0x00000000d0000000, 0x00000000f0000000, 0x00000000f0000000)
  object space 524288K, 33% used [0x00000000d0000000,0x00000000dae11100,0x00000000f0000000)
 Metaspace       used 87251K, capacity 92814K, committed 93016K, reserved 1130496K
  class space    used 10455K, capacity 12275K, committed 12376K, reserved 1048576K
}
Event: 3394.983 GC heap before
{Heap before GC invocations=92 (full 3):
 PSYoungGen      total 239616K, used 238618K [0x00000000f0000000, 0x0000000100000000, 0x0000000100000000)
  eden space 225280K, 99% used [0x00000000f0000000,0x00000000fdb095a0,0x00000000fdc00000)
  from space 14336K, 99% used [0x00000000ff200000,0x00000000ffffd4b8,0x0000000100000000)
  to   space 18432K, 0% used [0x00000000fdc00000,0x00000000fdc00000,0x00000000fee00000)
 ParOldGen       total 524288K, used 178244K [0x00000000d0000000, 0x00000000f0000000, 0x00000000f0000000)
  object space 524288K, 33% used [0x00000000d0000000,0x00000000dae11100,0x00000000f0000000)
 Metaspace       used 87392K, capacity 93014K, committed 93272K, reserved 1130496K
  class space    used 10486K, capacity 12331K, committed 12376K, reserved 1048576K
Event: 3395.082 GC heap after
Heap after GC invocations=92 (full 3):
 PSYoungGen      total 239616K, used 17423K [0x00000000f0000000, 0x0000000100000000, 0x0000000100000000)
  eden space 221696K, 0% used [0x00000000f0000000,0x00000000f0000000,0x00000000fd880000)
  from space 17920K, 97% used [0x00000000fdc00000,0x00000000fed03ce0,0x00000000fed80000)
  to   space 18944K, 0% used [0x00000000fed80000,0x00000000fed80000,0x0000000100000000)
 ParOldGen       total 524288K, used 179097K [0x00000000d0000000, 0x00000000f0000000, 0x00000000f0000000)
  object space 524288K, 34% used [0x00000000d0000000,0x00000000daee6450,0x00000000f0000000)
 Metaspace       used 87392K, capacity 93014K, committed 93272K, reserved 1130496K
  class space    used 10486K, capacity 12331K, committed 12376K, reserved 1048576K
}
Event: 4015.669 GC heap before
{Heap before GC invocations=93 (full 3):
 PSYoungGen      total 239616K, used 239119K [0x00000000f0000000, 0x0000000100000000, 0x0000000100000000)
  eden space 221696K, 100% used [0x00000000f0000000,0x00000000fd880000,0x00000000fd880000)
  from space 17920K, 97% used [0x00000000fdc00000,0x00000000fed03ce0,0x00000000fed80000)
  to   space 18944K, 0% used [0x00000000fed80000,0x00000000fed80000,0x0000000100000000)
 ParOldGen       total 524288K, used 179097K [0x00000000d0000000, 0x00000000f0000000, 0x00000000f0000000)
  object space 524288K, 34% used [0x00000000d0000000,0x00000000daee6450,0x00000000f0000000)
 Metaspace       used 88658K, capacity 94344K, committed 94424K, reserved 1130496K
  class space    used 10547K, capacity 12431K, committed 12504K, reserved 1048576K
Event: 4015.733 GC heap after
Heap after GC invocations=93 (full 3):
 PSYoungGen      total 237056K, used 17993K [0x00000000f0000000, 0x0000000100000000, 0x0000000100000000)
  eden space 218112K, 0% used [0x00000000f0000000,0x00000000f0000000,0x00000000fd500000)
  from space 18944K, 94% used [0x00000000fed80000,0x00000000fff126d8,0x0000000100000000)
  to   space 22016K, 0% used [0x00000000fd500000,0x00000000fd500000,0x00000000fea80000)
 ParOldGen       total 524288K, used 179097K [0x00000000d0000000, 0x00000000f0000000, 0x00000000f0000000)
  object space 524288K, 34% used [0x00000000d0000000,0x00000000daee6450,0x00000000f0000000)
 Metaspace       used 88658K, capacity 94344K, committed 94424K, reserved 1130496K
  class space    used 10547K, capacity 12431K, committed 12504K, reserved 1048576K
}
Event: 4076.713 GC heap before
{Heap before GC invocations=94 (full 3):
 PSYoungGen      total 237056K, used 236100K [0x00000000f0000000, 0x0000000100000000, 0x0000000100000000)
  eden space 218112K, 99% used [0x00000000f0000000,0x00000000fd4febc0,0x00000000fd500000)
  from space 18944K, 94% used [0x00000000fed80000,0x00000000fff126d8,0x0000000100000000)
  to   space 22016K, 0% used [0x00000000fd500000,0x00000000fd500000,0x00000000fea80000)
 ParOldGen       total 524288K, used 179097K [0x00000000d0000000, 0x00000000f0000000, 0x00000000f0000000)
  object space 524288K, 34% used [0x00000000d0000000,0x00000000daee6450,0x00000000f0000000)
 Metaspace       used 88963K, capacity 94648K, committed 94936K, reserved 1132544K
  class space    used 10565K, capacity 12439K, committed 12504K, reserved 1048576K
Event: 4076.760 GC heap after
Heap after GC invocations=94 (full 3):
 PSYoungGen      total 235520K, used 17284K [0x00000000f0000000, 0x0000000100000000, 0x0000000100000000)
  eden space 218112K, 0% used [0x00000000f0000000,0x00000000f0000000,0x00000000fd500000)
  from space 17408K, 99% used [0x00000000fd500000,0x00000000fe5e1218,0x00000000fe600000)
  to   space 23040K, 0% used [0x00000000fe980000,0x00000000fe980000,0x0000000100000000)
 ParOldGen       total 524288K, used 179097K [0x00000000d0000000, 0x00000000f0000000, 0x00000000f0000000)
  object space 524288K, 34% used [0x00000000d0000000,0x00000000daee6450,0x00000000f0000000)
 Metaspace       used 88963K, capacity 94648K, committed 94936K, reserved 1132544K
  class space    used 10565K, capacity 12439K, committed 12504K, reserved 1048576K
}

Deoptimization events (0 events):
No events

Classes redefined (0 events):
No events

Internal exceptions (10 events):
Event: 4076.603 Thread 0x00007fef75a4a000 Exception <a 'java/lang/ClassCastException'> (0x00000000fcc6d850) thrown at [/home/jenkins/workspace/openjdk_build_x86-64_linux/openjdk/hotspot/src/share/vm/runtime/sharedRuntime.cpp, line 605]
Event: 4076.651 Thread 0x00007fef75a4a000 Exception <a 'java/lang/ClassNotFoundException': org/grails/datastore/mapping/dirty/checking/DirtyCheckableCustomizer> (0x00000000fcdc0840) thrown at [/home/jenkins/workspace/openjdk_build_x86-64_linux/openjdk/hotspot/src/share/vm/classfile/systemDictiona
Event: 4076.652 Thread 0x00007fef75a4a000 Exception <a 'java/lang/ClassNotFoundException': org/grails/datastore/gorm/GormEntityCustomizer> (0x00000000fcdeca80) thrown at [/home/jenkins/workspace/openjdk_build_x86-64_linux/openjdk/hotspot/src/share/vm/classfile/systemDictionary.cpp, line 210]
Event: 4076.653 Thread 0x00007fef75a4a000 Exception <a 'java/lang/ClassNotFoundException': grails/artefact/DomainClassCustomizer> (0x00000000fce1b970) thrown at [/home/jenkins/workspace/openjdk_build_x86-64_linux/openjdk/hotspot/src/share/vm/classfile/systemDictionary.cpp, line 210]
Event: 4076.654 Thread 0x00007fef75a4a000 Exception <a 'java/lang/ClassNotFoundException': grails/web/databinding/WebDataBindingCustomizer> (0x00000000fce440d0) thrown at [/home/jenkins/workspace/openjdk_build_x86-64_linux/openjdk/hotspot/src/share/vm/classfile/systemDictionary.cpp, line 210]
Event: 4076.655 Thread 0x00007fef75a4a000 Exception <a 'java/lang/ClassNotFoundException': grails/gorm/EntityCustomizer> (0x00000000fce662a8) thrown at [/home/jenkins/workspace/openjdk_build_x86-64_linux/openjdk/hotspot/src/share/vm/classfile/systemDictionary.cpp, line 210]
Event: 4076.656 Thread 0x00007fef75a4a000 Exception <a 'java/lang/ClassNotFoundException': org/grails/datastore/mapping/dirty/checking/DirtyCheckable$Trait$FieldHelperCustomizer> (0x00000000fcea14a0) thrown at [/home/jenkins/workspace/openjdk_build_x86-64_linux/openjdk/hotspot/src/share/vm/classf
Event: 4076.657 Thread 0x00007fef75a4a000 Exception <a 'java/lang/ClassNotFoundException': org/grails/datastore/gorm/GormValidateable$Trait$FieldHelperCustomizer> (0x00000000fced5c80) thrown at [/home/jenkins/workspace/openjdk_build_x86-64_linux/openjdk/hotspot/src/share/vm/classfile/systemDictio
Event: 4076.658 Thread 0x00007fef75a4a000 Exception <a 'java/lang/ClassNotFoundException': groovy/lang/GroovyObjectCustomizer> (0x00000000fcef9e48) thrown at [/home/jenkins/workspace/openjdk_build_x86-64_linux/openjdk/hotspot/src/share/vm/classfile/systemDictionary.cpp, line 210]
Event: 4078.322 Thread 0x00007fef75a4c000 Exception <a 'java/lang/reflect/InvocationTargetException'> (0x00000000f34449d8) thrown at [/home/jenkins/workspace/openjdk_build_x86-64_linux/openjdk/hotspot/src/share/vm/runtime/reflection.cpp, line 1092]

Events (10 events):
Event: 4076.827 loading class groovy/runtime/metaclass/home_limbo_Documents_Programming_grails_Projects_GestionPlaneacion_grails_app_views_catedra_index_gsp$_run_closure2$_closure12MetaClass
Event: 4076.827 loading class groovy/runtime/metaclass/home_limbo_Documents_Programming_grails_Projects_GestionPlaneacion_grails_app_views_catedra_index_gsp$_run_closure2$_closure12MetaClass done
Event: 4076.830 loading class groovy/runtime/metaclass/home_limbo_Documents_Programming_grails_Projects_GestionPlaneacion_grails_app_views_catedra_index_gsp$_run_closure2$_closure13MetaClass
Event: 4076.830 loading class groovy/runtime/metaclass/home_limbo_Documents_Programming_grails_Projects_GestionPlaneacion_grails_app_views_catedra_index_gsp$_run_closure2$_closure13MetaClass done
Event: 4076.831 loading class groovy/runtime/metaclass/home_limbo_Documents_Programming_grails_Projects_GestionPlaneacion_grails_app_views_catedra_index_gsp$_run_closure2$_closure14MetaClass
Event: 4076.831 loading class groovy/runtime/metaclass/home_limbo_Documents_Programming_grails_Projects_GestionPlaneacion_grails_app_views_catedra_index_gsp$_run_closure2$_closure14MetaClass done
Event: 4076.918 Executing VM operation: RevokeBias
Event: 4076.918 Executing VM operation: RevokeBias done
Event: 4076.943 Executing VM operation: BulkRevokeBias
Event: 4076.944 Executing VM operation: BulkRevokeBias done


Dynamic libraries:
00400000-00401000 r-xp 00000000 08:05 14683125                           /home/limbo/.sdkman/candidates/java/8u144-openjdk/bin/java
00600000-00601000 r--p 00000000 08:05 14683125                           /home/limbo/.sdkman/candidates/java/8u144-openjdk/bin/java
00601000-00602000 rw-p 00001000 08:05 14683125                           /home/limbo/.sdkman/candidates/java/8u144-openjdk/bin/java
00a67000-00b16000 rw-p 00000000 00:00 0                                  [heap]
d0000000-100c36000 rw-p 00000000 00:00 0 
100c36000-140000000 ---p 00000000 00:00 0 
7fef1e800000-7fef1e880000 rw-p 00000000 00:00 0 
7fef1e880000-7fef1ea00000 ---p 00000000 00:00 0 
7fef1ea00000-7fef1ec00000 rw-p 00000000 00:00 0 
7fef1ec00000-7fef1ee00000 rw-p 00000000 00:00 0 
7fef1ee00000-7fef1f000000 rw-p 00000000 00:00 0 
7fef1f000000-7fef1f200000 rw-p 00000000 00:00 0 
7fef1f200000-7fef1f400000 rw-p 00000000 00:00 0 
7fef1f400000-7fef1f600000 rw-p 00000000 00:00 0 
7fef1f600000-7fef1f800000 rw-p 00000000 00:00 0 
7fef1f800000-7fef1fa00000 rw-p 00000000 00:00 0 
7fef1fa00000-7fef1fc00000 rw-p 00000000 00:00 0 
7fef1fc00000-7fef1fe00000 rw-p 00000000 00:00 0 
7fef1fe00000-7fef20000000 rw-p 00000000 00:00 0 
7fef20000000-7fef20026000 rw-p 00000000 00:00 0 
7fef20026000-7fef24000000 ---p 00000000 00:00 0 
7fef241d8000-7fef241db000 ---p 00000000 00:00 0 
7fef241db000-7fef242d9000 rw-p 00000000 00:00 0 
7fef242d9000-7fef242dc000 ---p 00000000 00:00 0 
7fef242dc000-7fef243da000 rw-p 00000000 00:00 0 
7fef243da000-7fef243dd000 ---p 00000000 00:00 0 
7fef243dd000-7fef244db000 rw-p 00000000 00:00 0 
7fef244db000-7fef244de000 ---p 00000000 00:00 0 
7fef244de000-7fef245dc000 rw-p 00000000 00:00 0 
7fef245dc000-7fef245df000 ---p 00000000 00:00 0 
7fef245df000-7fef246dd000 rw-p 00000000 00:00 0 
7fef246dd000-7fef246e0000 ---p 00000000 00:00 0 
7fef246e0000-7fef247de000 rw-p 00000000 00:00 0 
7fef247de000-7fef247e1000 ---p 00000000 00:00 0 
7fef247e1000-7fef248df000 rw-p 00000000 00:00 0 
7fef248df000-7fef248e2000 ---p 00000000 00:00 0 
7fef248e2000-7fef249e0000 rw-p 00000000 00:00 0 
7fef249e0000-7fef249e3000 ---p 00000000 00:00 0 
7fef249e3000-7fef24ae1000 rw-p 00000000 00:00 0 
7fef24ae1000-7fef24ae4000 ---p 00000000 00:00 0 
7fef24ae4000-7fef24be2000 rw-p 00000000 00:00 0 
7fef24be2000-7fef24be5000 ---p 00000000 00:00 0 
7fef24be5000-7fef24ce3000 rw-p 00000000 00:00 0 
7fef24ce3000-7fef24ce6000 ---p 00000000 00:00 0 
7fef24ce6000-7fef24de4000 rw-p 00000000 00:00 0 
7fef24de4000-7fef24de7000 ---p 00000000 00:00 0 
7fef24de7000-7fef24ee5000 rw-p 00000000 00:00 0 
7fef24ee5000-7fef24ee8000 ---p 00000000 00:00 0 
7fef24ee8000-7fef24fe6000 rw-p 00000000 00:00 0 
7fef24fe6000-7fef24fe9000 ---p 00000000 00:00 0 
7fef24fe9000-7fef250e7000 rw-p 00000000 00:00 0 
7fef250e7000-7fef250ea000 ---p 00000000 00:00 0 
7fef250ea000-7fef253e8000 rw-p 00000000 00:00 0 
7fef253e8000-7fef255e8000 rw-p 00000000 00:00 0 
7fef255e8000-7fef257e8000 rw-p 00000000 00:00 0 
7fef257e8000-7fef257eb000 ---p 00000000 00:00 0 
7fef257eb000-7fef258e9000 rw-p 00000000 00:00 0 
7fef258e9000-7fef258ec000 ---p 00000000 00:00 0 
7fef258ec000-7fef25bea000 rw-p 00000000 00:00 0 
7fef25bea000-7fef25bed000 ---p 00000000 00:00 0 
7fef25bed000-7fef25eeb000 rw-p 00000000 00:00 0 
7fef25eeb000-7fef260eb000 rw-p 00000000 00:00 0 
7fef260eb000-7fef262eb000 rw-p 00000000 00:00 0 
7fef262eb000-7fef264eb000 rw-p 00000000 00:00 0 
7fef264eb000-7fef266eb000 rw-p 00000000 00:00 0 
7fef266eb000-7fef268eb000 rw-p 00000000 00:00 0 
7fef268eb000-7fef26aeb000 rw-p 00000000 00:00 0 
7fef26aeb000-7fef26ceb000 rw-p 00000000 00:00 0 
7fef26ceb000-7fef26eeb000 rw-p 00000000 00:00 0 
7fef26eeb000-7fef270eb000 rw-p 00000000 00:00 0 
7fef270eb000-7fef272eb000 rw-p 00000000 00:00 0 
7fef272eb000-7fef274eb000 rw-p 00000000 00:00 0 
7fef274eb000-7fef276eb000 rw-p 00000000 00:00 0 
7fef276eb000-7fef278eb000 rw-p 00000000 00:00 0 
7fef278eb000-7fef278fc000 r-xp 00000000 08:05 14163944                   /home/limbo/.sdkman/candidates/java/8u144-openjdk/jre/lib/amd64/libnio.so
7fef278fc000-7fef27afc000 ---p 00011000 08:05 14163944                   /home/limbo/.sdkman/candidates/java/8u144-openjdk/jre/lib/amd64/libnio.so
7fef27afc000-7fef27afd000 r--p 00011000 08:05 14163944                   /home/limbo/.sdkman/candidates/java/8u144-openjdk/jre/lib/amd64/libnio.so
7fef27afd000-7fef27afe000 rw-p 00012000 08:05 14163944                   /home/limbo/.sdkman/candidates/java/8u144-openjdk/jre/lib/amd64/libnio.so
7fef27aff000-7fef27cff000 rw-p 00000000 00:00 0 
7fef27cff000-7fef27eff000 rw-p 00000000 00:00 0 
7fef27eff000-7fef27f02000 ---p 00000000 00:00 0 
7fef27f02000-7fef28000000 rw-p 00000000 00:00 0 
7fef28000000-7fef28197000 rw-p 00000000 00:00 0 
7fef28197000-7fef2c000000 ---p 00000000 00:00 0 
7fef2c000000-7fef2c27e000 rw-p 00000000 00:00 0 
7fef2c27e000-7fef30000000 ---p 00000000 00:00 0 
7fef300d2000-7fef302d2000 rw-p 00000000 00:00 0 
7fef302d2000-7fef302d5000 ---p 00000000 00:00 0 
7fef302d5000-7fef303d3000 rw-p 00000000 00:00 0 
7fef303d3000-7fef303dc000 r-xp 00000000 08:05 14163952                   /home/limbo/.sdkman/candidates/java/8u144-openjdk/jre/lib/amd64/libmanagement.so
7fef303dc000-7fef305db000 ---p 00009000 08:05 14163952                   /home/limbo/.sdkman/candidates/java/8u144-openjdk/jre/lib/amd64/libmanagement.so
7fef305db000-7fef305dc000 r--p 00008000 08:05 14163952                   /home/limbo/.sdkman/candidates/java/8u144-openjdk/jre/lib/amd64/libmanagement.so
7fef305dc000-7fef305dd000 rw-p 00009000 08:05 14163952                   /home/limbo/.sdkman/candidates/java/8u144-openjdk/jre/lib/amd64/libmanagement.so
7fef305e2000-7fef307e2000 rw-p 00000000 00:00 0 
7fef307e2000-7fef309e2000 rw-p 00000000 00:00 0 
7fef309e2000-7fef30be2000 rw-p 00000000 00:00 0 
7fef30be2000-7fef30de2000 rw-p 00000000 00:00 0 
7fef30de2000-7fef33de3000 rw-p 00000000 00:00 0 
7fef33de3000-7fef33dfa000 r-xp 00000000 08:05 14163925                   /home/limbo/.sdkman/candidates/java/8u144-openjdk/jre/lib/amd64/libnet.so
7fef33dfa000-7fef33ff9000 ---p 00017000 08:05 14163925                   /home/limbo/.sdkman/candidates/java/8u144-openjdk/jre/lib/amd64/libnet.so
7fef33ff9000-7fef33ffa000 r--p 00016000 08:05 14163925                   /home/limbo/.sdkman/candidates/java/8u144-openjdk/jre/lib/amd64/libnet.so
7fef33ffa000-7fef33ffb000 rw-p 00017000 08:05 14163925                   /home/limbo/.sdkman/candidates/java/8u144-openjdk/jre/lib/amd64/libnet.so
7fef34000000-7fef340b3000 rw-p 00000000 00:00 0 
7fef340b3000-7fef38000000 ---p 00000000 00:00 0 
7fef38000000-7fef38379000 rw-p 00000000 00:00 0 
7fef38379000-7fef3c000000 ---p 00000000 00:00 0 
7fef3c000000-7fef3c053000 rw-p 00000000 00:00 0 
7fef3c053000-7fef40000000 ---p 00000000 00:00 0 
7fef40000000-7fef40cf6000 rw-p 00000000 00:00 0 
7fef40cf6000-7fef44000000 ---p 00000000 00:00 0 
7fef44000000-7fef4405a000 rw-p 00000000 00:00 0 
7fef4405a000-7fef48000000 ---p 00000000 00:00 0 
7fef48000000-7fef482c9000 rw-p 00000000 00:00 0 
7fef482c9000-7fef4c000000 ---p 00000000 00:00 0 
7fef4c000000-7fef4c030000 rw-p 00000000 00:00 0 
7fef4c030000-7fef50000000 ---p 00000000 00:00 0 
7fef50000000-7fef50058000 rw-p 00000000 00:00 0 
7fef50058000-7fef54000000 ---p 00000000 00:00 0 
7fef54000000-7fef5411b000 rw-p 00000000 00:00 0 
7fef5411b000-7fef58000000 ---p 00000000 00:00 0 
7fef58000000-7fef5839d000 rw-p 00000000 00:00 0 
7fef5839d000-7fef5c000000 ---p 00000000 00:00 0 
7fef5c000000-7fef5c069000 rw-p 00000000 00:00 0 
7fef5c069000-7fef60000000 ---p 00000000 00:00 0 
7fef60064000-7fef60069000 r--s 002f9000 08:05 14163960                   /home/limbo/.sdkman/candidates/java/8u144-openjdk/jre/lib/charsets.jar
7fef6006d000-7fef60072000 r--s 0009a000 08:05 14163894                   /home/limbo/.sdkman/candidates/java/8u144-openjdk/jre/lib/jsse.jar
7fef60078000-7fef6007b000 ---p 00000000 00:00 0 
7fef6007b000-7fef60179000 rw-p 00000000 00:00 0 
7fef60179000-7fef6018c000 r--s 00346000 08:05 14163896                   /home/limbo/.sdkman/candidates/java/8u144-openjdk/jre/lib/resources.jar
7fef60193000-7fef60194000 ---p 00000000 00:00 0 
7fef60194000-7fef60294000 rw-p 00000000 00:00 0 
7fef60294000-7fef60297000 ---p 00000000 00:00 0 
7fef60297000-7fef60395000 rw-p 00000000 00:00 0 
7fef60395000-7fef60398000 ---p 00000000 00:00 0 
7fef60398000-7fef60496000 rw-p 00000000 00:00 0 
7fef60496000-7fef60499000 ---p 00000000 00:00 0 
7fef60499000-7fef60597000 rw-p 00000000 00:00 0 
7fef60597000-7fef6059a000 ---p 00000000 00:00 0 
7fef6059a000-7fef60698000 rw-p 00000000 00:00 0 
7fef60698000-7fef6069f000 r--s 00065000 08:05 36964682                   /home/limbo/.gradle/caches/modules-2/files-2.1/org.springframework/springloaded/1.2.8.RELEASE/b60bac05b0451cdc1863bfec617f39aa0dcaaa43/springloaded-1.2.8.RELEASE.jar
7fef606a5000-7fef606de000 r--s 00382000 08:05 36964594                   /home/limbo/.gradle/caches/modules-2/files-2.1/com.google.javascript/closure-compiler-unshaded/v20160713/7df7b683e16c93f65361a15356283599ba012c78/closure-compiler-unshaded-v20160713.jar
7fef606e4000-7fef606f1000 r--s 00109000 08:05 36964593                   /home/limbo/.gradle/caches/modules-2/files-2.1/org.mozilla/rhino/1.7R4/e982f2136574b9a423186fbaeaaa98dc3e5a5288/rhino-1.7R4.jar
7fef606f6000-7fef60703000 r--s 00083000 08:05 36964664                   /home/limbo/.gradle/caches/modules-2/files-2.1/commons-collections/commons-collections/3.2.2/8ad72fe39fa8c91eaaf12aadb21e0c3661fe26d5/commons-collections-3.2.2.jar
7fef6070a000-7fef60711000 r--s 0003f000 08:05 36964880                   /home/limbo/.gradle/caches/modules-2/files-2.1/commons-codec/commons-codec/1.10/4b95f4897fa13f2cd904aee711aeafc0c5295cd8/commons-codec-1.10.jar
7fef60717000-7fef6071b000 r--s 0000c000 08:05 36964632                   /home/limbo/.gradle/caches/modules-2/files-2.1/javax.validation/validation-api/1.1.0.Final/8613ae82954779d518631e05daa73a6a954817d5/validation-api-1.1.0.Final.jar
7fef6071c000-7fef6071f000 r--s 00029000 08:05 36964649                   /home/limbo/.gradle/caches/modules-2/files-2.1/commons-validator/commons-validator/1.5.1/86d05a46e8f064b300657f751b5a98c62807e2a0/commons-validator-1.5.1.jar
7fef60722000-7fef60728000 r--s 00027000 08:05 36964879                   /home/limbo/.gradle/caches/modules-2/files-2.1/opensymphony/sitemesh/2.4/fa84c82cce30a9a632c08dd2277d63993d972cf5/sitemesh-2.4.jar
7fef6072a000-7fef6072c000 r--s 00007000 08:05 36964878                   /home/limbo/.gradle/caches/modules-2/files-2.1/org.grails/grails-web-taglib/3.3.0/7605089e33d591b25afdbb342c4babe332cda23f/grails-web-taglib-3.3.0.jar
7fef60730000-7fef60733000 r--s 00015000 08:05 36964877                   /home/limbo/.gradle/caches/modules-2/files-2.1/org.grails/grails-taglib/3.3.0/38a8e5db6edc038642399f0b01268647f50e8acf/grails-taglib-3.3.0.jar
7fef60738000-7fef6073b000 r--s 0001d000 08:05 36964563                   /home/limbo/.gradle/caches/modules-2/files-2.1/org.codehaus.groovy/groovy-json/2.4.13/57aa290a9ec85e04d8e4557a5eae5e751b3aac41/groovy-json-2.4.13.jar
7fef6073d000-7fef60741000 r--s 00042000 08:05 36964876                   /home/limbo/.gradle/caches/modules-2/files-2.1/com.fasterxml.jackson.core/jackson-core/2.8.10/eb21a035c66ad307e66ec8fce37f5d50fd62d039/jackson-core-2.8.10.jar
7fef60746000-7fef60749000 r--s 0000b000 08:05 36964875                   /home/limbo/.gradle/caches/modules-2/files-2.1/com.fasterxml.jackson.core/jackson-annotations/2.8.0/45b426f7796b741035581a176744d91090e2e6fb/jackson-annotations-2.8.0.jar
7fef6074b000-7fef6074d000 r--s 00000000 08:05 36962383                   /home/limbo/.gradle/caches/modules-2/files-2.1/aopalliance/aopalliance/1.0/235ba8b489512805ac13a8f9ea77a1ca5ebe3e8/aopalliance-1.0.jar
7fef60750000-7fef60751000 r--s 00005000 08:05 36964874                   /home/limbo/.gradle/caches/modules-2/files-2.1/org.grails/grails-codecs/3.3.2/b039f12277aa2d05c9d2092395179b305e50cade/grails-codecs-3.3.2.jar
7fef60758000-7fef60761000 r--s 0002d000 08:05 36964873                   /home/limbo/.gradle/caches/modules-2/files-2.1/xml-apis/xml-apis/1.4.01/3789d9fada2d3d458c4ba2de349d48780f381ee3/xml-apis-1.4.01.jar
7fef60763000-7fef60765000 r--s 00008000 08:05 36964592                   /home/limbo/.gradle/caches/modules-2/files-2.1/javax.el/javax.el-api/2.2.4/1287562cc3f0ff5439ded6f2949e73ce1c0edaab/javax.el-api-2.2.4.jar
7fef6076c000-7fef6077d000 r--s 000a1000 08:05 36964872                   /home/limbo/.gradle/caches/modules-2/files-2.1/org.hibernate/hibernate-validator/5.3.5.Final/622a9bcef2eed6d41b5b8e0662c36212009e375/hibernate-validator-5.3.5.Final.jar
7fef60782000-7fef6078a000 r--s 0005f000 08:05 36964590                   /home/limbo/.gradle/caches/modules-2/files-2.1/org.grails/grails-datastore-gorm-hibernate-core/6.1.8.RELEASE/277097547e711e4ad55db70e01f830e00fb666e0/grails-datastore-gorm-hibernate-core-6.1.8.RELEASE.jar
7fef6078b000-7fef6079c000 r--s 000b8000 08:05 36964871                   /home/limbo/.gradle/caches/modules-2/files-2.1/org.springframework/spring-web/4.3.12.RELEASE/86c29588cca74d0fc848b194cb13fcdfd12bc990/spring-web-4.3.12.RELEASE.jar
7fef607a1000-7fef607a6000 r--s 00026000 08:05 36964870                   /home/limbo/.gradle/caches/modules-2/files-2.1/org.grails/scaffolding-core/1.1.1/c79e9bd310896f3afbba331170c54fa2ce7f9a5d/scaffolding-core-1.1.1.jar
7fef607a6000-7fef607a9000 r--s 00013000 08:05 36964629                   /home/limbo/.gradle/caches/modules-2/files-2.1/org.grails/grails-datastore-gorm-validation/6.1.8.RELEASE/9e87d021bad3b88d2facc167712eca69bca735b0/grails-datastore-gorm-validation-6.1.8.RELEASE.jar
7fef607af000-7fef607b1000 r--s 00014000 08:05 36964869                   /home/limbo/.gradle/caches/modules-2/files-2.1/org.apache.tomcat.embed/tomcat-embed-logging-log4j/8.5.2/53bdd1eebc7393713261d178ac096a742423f940/tomcat-embed-logging-log4j-8.5.2.jar
7fef607b3000-7fef607c4000 r--s 000d0000 08:05 36964588                   /home/limbo/.gradle/caches/modules-2/files-2.1/org.grails/grails-datastore-gorm/6.1.8.RELEASE/8c896a263aac99967517504f92e347a3aae19672/grails-datastore-gorm-6.1.8.RELEASE.jar
7fef607c5000-7fef607c8000 r--s 00012000 08:05 36964868                   /home/limbo/.gradle/caches/modules-2/files-2.1/org.codehaus.groovy/groovy-sql/2.4.13/24d3e87b24a63262ce344f4c8f2c7ecf1f122798/groovy-sql-2.4.13.jar
7fef607ca000-7fef607d4000 r--s 0005f000 08:05 36964867                   /home/limbo/.gradle/caches/modules-2/files-2.1/org.springframework/spring-jdbc/4.3.12.RELEASE/5c840abbdc1a1dfd0f79c4a4c25eac0c98e6af22/spring-jdbc-4.3.12.RELEASE.jar
7fef607d9000-7fef607db000 r--s 00006000 08:05 36964866                   /home/limbo/.gradle/caches/modules-2/files-2.1/org.grails/grails-plugin-domain-class/3.3.2/49c95a1dd841f045573474bff9b56a1dec241494/grails-plugin-domain-class-3.3.2.jar
7fef607df000-7fef607e0000 r--s 00004000 08:05 36964865                   /home/limbo/.gradle/caches/modules-2/files-2.1/org.grails/grails-plugin-validation/3.3.2/c4e87434287172942f7f91f3e7d4c21a9fcc669a/grails-plugin-validation-3.3.2.jar
7fef607e4000-7fef607e6000 r--s 00009000 08:05 36964863                   /home/limbo/.gradle/caches/modules-2/files-2.1/org.grails/grails-plugin-mimetypes/3.3.2/5ed6653ce5d0ddb87290fe42569e8b74183d26b1/grails-plugin-mimetypes-3.3.2.jar
7fef607e6000-7fef607e8000 r--s 0000b000 08:05 36964862                   /home/limbo/.gradle/caches/modules-2/files-2.1/org.grails/grails-web-sitemesh/3.3.0/93ce68536c5806bcfc2b4a65cf57971f4bd0d2ce/grails-web-sitemesh-3.3.0.jar
7fef607ec000-7fef607ee000 r--s 00011000 08:05 36964861                   /home/limbo/.gradle/caches/modules-2/files-2.1/org.grails/grails-web-gsp/3.3.0/e0cd55173b03fca8b1caabde8633a4592d0e5dd3/grails-web-gsp-3.3.0.jar
7fef607f0000-7fef607f1000 r--s 00005000 08:05 36964860                   /home/limbo/.gradle/caches/modules-2/files-2.1/org.grails/grails-web-mvc/3.3.2/35dff1ea5854396d705d8c4b74cbcfa860345e02/grails-web-mvc-3.3.2.jar
7fef607f5000-7fef607f8000 r--s 0002a000 08:05 36964859                   /home/limbo/.gradle/caches/modules-2/files-2.1/org.grails/grails-web-url-mappings/3.3.2/99c5bf084f743274f718ab4729748a8bcffba1de/grails-web-url-mappings-3.3.2.jar
7fef607ff000-7fef60802000 r--s 00014000 08:05 36964858                   /home/limbo/.gradle/caches/modules-2/files-2.1/org.grails/grails-web-databinding/3.3.2/69ee3542868ce71af531228cb772a0e49dd75ea1/grails-web-databinding-3.3.2.jar
7fef60804000-7fef60809000 r--s 00029000 08:05 36964857                   /home/limbo/.gradle/caches/modules-2/files-2.1/org.springframework/spring-context-support/4.3.12.RELEASE/6f3a71b93b69f38ac545b6043fab7e474addee15/spring-context-support-4.3.12.RELEASE.jar
7fef6080a000-7fef6081b000 r--s 000cf000 08:05 36964856                   /home/limbo/.gradle/caches/modules-2/files-2.1/org.springframework/spring-webmvc/4.3.12.RELEASE/986e5dcd4435e780f6be64f8185eaa51523cf851/spring-webmvc-4.3.12.RELEASE.jar
7fef60822000-7fef60825000 r--s 00027000 08:05 36964855                   /home/limbo/.gradle/caches/modules-2/files-2.1/org.grails/grails-gsp/3.3.0/58e246e986a5d293806b3768d8efb73b1dc71047/grails-gsp-3.3.0.jar
7fef6082c000-7fef60830000 r--s 00029000 08:05 36964854                   /home/limbo/.gradle/caches/modules-2/files-2.1/org.grails/grails-encoder/3.3.2/963f64a85f2a2fb97ab5a2f0ff88d876aac99acc/grails-encoder-3.3.2.jar
7fef60832000-7fef60834000 r--s 0000f000 08:05 36964853                   /home/limbo/.gradle/caches/modules-2/files-2.1/org.grails/grails-databinding/3.3.2/b0fcd7ab1ccf7210a65193930f66c21c232e028b/grails-databinding-3.3.2.jar
7fef60836000-7fef60838000 r--s 00003000 08:05 36964852                   /home/limbo/.gradle/caches/modules-2/files-2.1/org.apache.tomcat/tomcat-annotations-api/8.5.23/aaf17df9fe0240e9e9d5375d24d5f177174b73d9/tomcat-annotations-api-8.5.23.jar
7fef60839000-7fef6084b000 r--s 0011e000 08:05 36964851                   /home/limbo/.gradle/caches/modules-2/files-2.1/com.fasterxml.jackson.core/jackson-databind/2.8.10/f7b83cb2bc4b88d53961e749e1ad32f49ef017b7/jackson-databind-2.8.10.jar
7fef6084e000-7fef6084f000 r--s 00003000 08:05 36964628                   /home/limbo/.gradle/caches/modules-2/files-2.1/javax.transaction/jta/1.1/2ca09f0b36ca7d71b762e14ea2ff09d5eac57558/jta-1.1.jar
7fef60850000-7fef60856000 r--s 0003d000 08:05 36964850                   /home/limbo/.gradle/caches/modules-2/files-2.1/org.yaml/snakeyaml/1.17/7a27ea250c5130b2922b86dea63cbb1cc10a660c/snakeyaml-1.17.jar
7fef60859000-7fef6085b000 r--s 00016000 08:05 36964571                   /home/limbo/.gradle/caches/modules-2/files-2.1/org.codehaus.groovy/groovy-templates/2.4.13/50c6b36707328f94678892408455b7a9bfe96577/groovy-templates-2.4.13.jar
7fef6085c000-7fef60860000 r--s 00031000 08:05 36964570                   /home/limbo/.gradle/caches/modules-2/files-2.1/org.codehaus.groovy/groovy-xml/2.4.13/a768f5f738bed0ab0b2dd54401830739203839c6/groovy-xml-2.4.13.jar
7fef60867000-7fef6086c000 r--s 0003c000 08:05 36964849                   /home/limbo/.gradle/caches/modules-2/files-2.1/org.springframework/spring-expression/4.3.12.RELEASE/790f69f6ad7f9da8d4a92c603ad7244c398c8309/spring-expression-4.3.12.RELEASE.jar
7fef6086f000-7fef60878000 r--s 00054000 08:05 36964848                   /home/limbo/.gradle/caches/modules-2/files-2.1/org.springframework/spring-aop/4.3.12.RELEASE/b3fef085902993c2ef874c45c7bfd79296d5a5a4/spring-aop-4.3.12.RELEASE.jar
7fef60879000-7fef6087b000 r--s 0000e000 08:05 36964665                   /home/limbo/.gradle/caches/modules-2/files-2.1/commons-logging/commons-logging/1.2/4bfc12adfe4842bf07b657f0369c4cb522955686/commons-logging-1.2.jar
7fef6087d000-7fef60888000 r--s 0006a000 08:05 36964847                   /home/limbo/.gradle/caches/modules-2/files-2.1/ch.qos.logback/logback-core/1.1.11/88b8df40340eed549fb07e2613879bf6b006704d/logback-core-1.1.11.jar
7fef6088c000-7fef60890000 r--s 00049000 08:05 36964560                   /home/limbo/.gradle/caches/modules-2/files-2.1/com.bertramlabs.plugins/asset-pipeline-core/2.14.6/c34fb5075888bb68a68b65cc1fad1b206b453083/asset-pipeline-core-2.14.6.jar
7fef60896000-7fef60897000 r--s 0000b000 08:05 36964846                   /home/limbo/.gradle/caches/modules-2/files-2.1/org.apache.tomcat/tomcat-juli/8.5.23/98e7f0610b7b2fb8303f11be0210e3f5a56a7d55/tomcat-juli-8.5.23.jar
7fef6089a000-7fef6089c000 r--s 00007000 08:05 36964845                   /home/limbo/.gradle/caches/modules-2/files-2.1/javax.el/el-api/2.1.2-b03/1ac087d9d1a632d2ff82fa1e8b6610aca025ff2a/el-api-2.1.2-b03.jar
7fef6089e000-7fef608a9000 r--s 00053000 08:05 36962382                   /home/limbo/.gradle/caches/modules-2/files-2.1/org.springframework.security/spring-security-web/4.2.3.RELEASE/7a03e737484ca232d7146852f06d067ac21427ac/spring-security-web-4.2.3.RELEASE.jar
7fef608a9000-7fef608b5000 r--s 00056000 08:05 36962381                   /home/limbo/.gradle/caches/modules-2/files-2.1/org.springframework.security/spring-security-core/4.2.3.RELEASE/5c0e47a47036c94d6fdd02696bf52be6d1adbd4d/spring-security-core-4.2.3.RELEASE.jar
7fef608bc000-7fef60993000 r--s 007a9000 08:05 36962380                   /home/limbo/.gradle/caches/modules-2/files-2.1/net.sf.ehcache/ehcache/2.10.4/9022b1eedfafa11039597b1c1918c1abe414df93/ehcache-2.10.4.jar
7fef60997000-7fef60998000 r--s 00004000 08:05 36964844                   /home/limbo/.gradle/caches/modules-2/files-2.1/org.grails/grails-plugin-codecs/3.3.2/f6f40decad83386a1415897954bcfb894e888d2b/grails-plugin-codecs-3.3.2.jar
7fef6099c000-7fef609a1000 r--s 00041000 08:05 27266760                   /home/limbo/.m2/repository/commons-lang/commons-lang/2.6/commons-lang-2.6.jar
7fef609a6000-7fef609a8000 r--s 0000b000 08:05 36964842                   /home/limbo/.gradle/caches/modules-2/files-2.1/org.grails/grails-web-gsp-taglib/3.3.0/72e3b9636f0a777bebfeb117e3b2f95defd44959/grails-web-gsp-taglib-3.3.0.jar
7fef609aa000-7fef609ac000 r--s 0001f000 08:05 36964841                   /home/limbo/.gradle/caches/modules-2/files-2.1/org.grails/grails-web-jsp/3.3.0/83df1e17ef4301c34db377e817bdb6a842e82b8e/grails-web-jsp-3.3.0.jar
7fef609b3000-7fef609b6000 r--s 00010000 08:05 36964584                   /home/limbo/.gradle/caches/modules-2/files-2.1/org.hibernate.common/hibernate-commons-annotations/5.0.1.Final/71e1cff3fcb20d3b3af4f3363c3ddb24d33c6879/hibernate-commons-annotations-5.0.1.Final.jar
7fef609bb000-7fef609c0000 r--s 00048000 08:05 26743868                   /home/limbo/.m2/repository/dom4j/dom4j/1.6.1/dom4j-1.6.1.jar
7fef609c1000-7fef609c3000 r--s 0000e000 08:05 36964840                   /home/limbo/.gradle/caches/modules-2/files-2.1/com.fasterxml/classmate/1.3.4/3d5f48f10bbe4eb7bd862f10c0583be2e0053c6/classmate-1.3.4.jar
7fef609c6000-7fef609c9000 r--s 0002b000 08:05 36964581                   /home/limbo/.gradle/caches/modules-2/files-2.1/org.jboss/jandex/2.0.3.Final/bfc4d6257dbff7a33a357f0de116be6ff951d849/jandex-2.0.3.Final.jar
7fef609ce000-7fef609cf000 r--s 00003000 08:05 36964580                   /home/limbo/.gradle/caches/modules-2/files-2.1/org.apache.geronimo.specs/geronimo-jta_1.1_spec/1.1.1/aabab3165b8ea936b9360abbf448459c0d04a5a4/geronimo-jta_1.1_spec-1.1.1.jar
7fef609d3000-7fef609d8000 r--s 00068000 08:05 26876124                   /home/limbo/.m2/repository/antlr/antlr/2.7.7/antlr-2.7.7.jar
7fef609d9000-7fef609dc000 r--s 0000e000 08:05 36964839                   /home/limbo/.gradle/caches/modules-2/files-2.1/org.jboss.logging/jboss-logging/3.3.1.Final/c46217ab74b532568c0ed31dc599db3048bd1b67/jboss-logging-3.3.1.Final.jar
7fef609de000-7fef609e8000 r--s 0006b000 08:05 36964838                   /home/limbo/.gradle/caches/modules-2/files-2.1/org.springframework/spring-orm/4.3.12.RELEASE/47bbe35a92944aeedf06a388098581272f8db9bd/spring-orm-4.3.12.RELEASE.jar
7fef609ec000-7fef609f0000 r--s 00039000 08:05 36964559                   /home/limbo/.gradle/caches/modules-2/files-2.1/org.grails/grails-datastore-gorm-hibernate5/6.1.8.RELEASE/77ea75d00b7bf705a286eb02c729607919a94309/grails-datastore-gorm-hibernate5-6.1.8.RELEASE.jar
7fef609f5000-7fef609f8000 r--s 00012000 08:05 36964558                   /home/limbo/.gradle/caches/modules-2/files-2.1/org.grails/grails-datastore-gorm-support/6.1.8.RELEASE/73039097b346e345a6d8054551bf068bb2857b93/grails-datastore-gorm-support-6.1.8.RELEASE.jar
7fef609fd000-7fef609fe000 r--s 00002000 08:05 36964557                   /home/limbo/.gradle/caches/modules-2/files-2.1/org.grails/grails-datastore-web/6.1.8.RELEASE/7b779ffd10658ff5a31ee98a1f896d8f123d46f9/grails-datastore-web-6.1.8.RELEASE.jar
7fef609fe000-7fef60a00000 r--s 00003000 08:05 36964837                   /home/limbo/.gradle/caches/modules-2/files-2.1/org.grails/grails-events-compat/3.3.2/1250482ac83841a19c75b150777a2d2c28592d33/grails-events-compat-3.3.2.jar
7fef60a02000-7fef60a03000 r--s 00007000 08:05 36964836                   /home/limbo/.gradle/caches/modules-2/files-2.1/org.grails/grails-events-transform/3.3.2/645c93ccb03ea27a23d6ac25265b01e5a63b9525/grails-events-transform-3.3.2.jar
7fef60a06000-7fef60a08000 r--s 0000b000 08:05 36964835                   /home/limbo/.gradle/caches/modules-2/files-2.1/org.grails/grails-events/3.3.2/a4c70fc8c391d8060d715ea68bfe4ff87761fd02/grails-events-3.3.2.jar
7fef60a0a000-7fef60a0c000 r--s 0001f000 08:05 36964834                   /home/limbo/.gradle/caches/modules-2/files-2.1/org.grails.plugins/fields/2.2.3/79149f99c909ddae5bc11d89642e14d2a275e683/fields-2.2.3.jar
7fef60a11000-7fef60a14000 r--s 0000e000 08:05 36964833                   /home/limbo/.gradle/caches/modules-2/files-2.1/org.grails/grails-async/3.3.2/df2d4d6d96161b1105298a951c6fff31dd52e1e9/grails-async-3.3.2.jar
7fef60a15000-7fef60a1f000 r--s 000aa000 08:05 36964655                   /home/limbo/.gradle/caches/modules-2/files-2.1/org.javassist/javassist/3.21.0-GA/598244f595db5c5fb713731eddbb1c91a58d959b/javassist-3.21.0-GA.jar
7fef60a21000-7fef60a24000 r--s 00016000 08:05 36964832                   /home/limbo/.gradle/caches/modules-2/files-2.1/org.grails/grails-validation/3.3.2/99b01646296571eb930bafe5ba50716ea60bb882/grails-validation-3.3.2.jar
7fef60a29000-7fef60a2d000 r--s 0001e000 08:05 36964831                   /home/limbo/.gradle/caches/modules-2/files-2.1/org.grails.plugins/converters/3.3.1/afc1ea5fa7d7d52e83017856fa5a651d38145048/converters-3.3.1.jar
7fef60a30000-7fef60a32000 r--s 00005000 08:05 36964830                   /home/limbo/.gradle/caches/modules-2/files-2.1/org.grails/grails-plugin-datasource/3.3.2/94cef3919a1a3dd23fbdb0af1b4733e3904f5fbe/grails-plugin-datasource-3.3.2.jar
7fef60a34000-7fef60a37000 r--s 00019000 08:05 36964829                   /home/limbo/.gradle/caches/modules-2/files-2.1/org.grails/grails-plugin-controllers/3.3.2/a275c53d228b1822b128b8dd263e221cf0ffa884/grails-plugin-controllers-3.3.2.jar
7fef60a38000-7fef60a39000 r--s 00005000 08:05 36964828                   /home/limbo/.gradle/caches/modules-2/files-2.1/org.grails/grails-web/3.3.2/ffed6c9b78a0fd3c6cd215638333b2bc8901be5e/grails-web-3.3.2.jar
7fef60a3b000-7fef60a3f000 r--s 00028000 08:05 36964827                   /home/limbo/.gradle/caches/modules-2/files-2.1/org.grails/grails-web-common/3.3.2/b9bc2dc38e7570ab169d0d14ed5c19267e8ce28f/grails-web-common-3.3.2.jar
7fef60a43000-7fef60a48000 r--s 00038000 08:05 36964826                   /home/limbo/.gradle/caches/modules-2/files-2.1/org.apache.tomcat.embed/tomcat-embed-websocket/8.5.23/52f07abcae10dc7e1764304b0877def175c2c833/tomcat-embed-websocket-8.5.23.jar
7fef60a4a000-7fef60a4e000 r--s 00037000 08:05 36964825                   /home/limbo/.gradle/caches/modules-2/files-2.1/org.apache.tomcat.embed/tomcat-embed-el/8.5.23/98d979cde444dffa6d434c8377d0123b2dfa614c/tomcat-embed-el-8.5.23.jar
7fef60a52000-7fef60a7b000 r--s 002c7000 08:05 36964824                   /home/limbo/.gradle/caches/modules-2/files-2.1/org.apache.tomcat.embed/tomcat-embed-core/8.5.23/79261793a47f507890ee08f749b9d81774e4f7f0/tomcat-embed-core-8.5.23.jar
7fef60a7c000-7fef60a8c000 r--s 00079000 08:05 36964823                   /home/limbo/.gradle/caches/modules-2/files-2.1/org.springframework.boot/spring-boot-actuator/1.5.8.RELEASE/aac530fe877ed91c92831019755c49f29b08e6/spring-boot-actuator-1.5.8.RELEASE.jar
7fef60a93000-7fef60a94000 r--s 00000000 08:05 36964822                   /home/limbo/.gradle/caches/modules-2/files-2.1/org.springframework.boot/spring-boot-starter/1.5.8.RELEASE/18048efe1f06569022a53cc3fb2fe9c0162935a3/spring-boot-starter-1.5.8.RELEASE.jar
7fef60a9b000-7fef60a9f000 r--s 00040000 08:05 36964821                   /home/limbo/.gradle/caches/modules-2/files-2.1/xalan/serializer/2.7.2/24247f3bb052ee068971393bdb83e04512bb1c3c/serializer-2.7.2.jar
7fef60aa4000-7fef60ab2000 r--s 00081000 08:05 36964585                   /home/limbo/.gradle/caches/modules-2/files-2.1/org.grails/grails-datastore-core/6.1.8.RELEASE/23fd4fd6fbbec658d8cb9d43f3c475438496cb00/grails-datastore-core-6.1.8.RELEASE.jar
7fef60ab4000-7fef60ab5000 r--s 00009000 08:05 36964820                   /home/limbo/.gradle/caches/modules-2/files-2.1/org.grails/grails-spring/3.3.2/bb328f18e3b442e9808b28665ba4f04d60e21c9/grails-spring-3.3.2.jar
7fef60abc000-7fef60ac1000 r--s 00039000 08:05 36964551                   /home/limbo/.gradle/caches/modules-2/files-2.1/org.grails/grails-bootstrap/3.3.2/a1b6727614ce8f50eed4db9bccda3f8cd3f53c44/grails-bootstrap-3.3.2.jar
7fef60ac1000-7fef60ada000 r--s 000fe000 08:05 36964819                   /home/limbo/.gradle/caches/modules-2/files-2.1/org.springframework/spring-context/4.3.12.RELEASE/5e6d26f36636f36b7efec1d6a0c5991284fbd95b/spring-context-4.3.12.RELEASE.jar
7fef60ae0000-7fef60aee000 r--s 000ad000 08:05 36964818                   /home/limbo/.gradle/caches/modules-2/files-2.1/org.springframework/spring-beans/4.3.12.RELEASE/547dd432d47d0f01d9ccbedc4b705f9f7c1240a/spring-beans-4.3.12.RELEASE.jar
7fef60af5000-7fef60afd000 r--s 0003a000 08:05 36964817                   /home/limbo/.gradle/caches/modules-2/files-2.1/org.springframework/spring-tx/4.3.12.RELEASE/7147b6839b2bf9db3621b79c73b4dddbe69572b6/spring-tx-4.3.12.RELEASE.jar
7fef60aff000-7fef60b16000 r--s 000fc000 08:05 36964601                   /home/limbo/.gradle/caches/modules-2/files-2.1/org.springframework/spring-core/4.3.12.RELEASE/4cebc69478c6d350dbd5af28e3db7d5694f416e3/spring-core-4.3.12.RELEASE.jar
7fef60b1c000-7fef60b20000 r--s 00019000 08:05 36964625                   /home/limbo/.gradle/caches/modules-2/files-2.1/com.googlecode.concurrentlinkedhashmap/concurrentlinkedhashmap-lru/1.4.2/2eaf3d3c9746d526ff7e5b93931d482c3887e6ac/concurrentlinkedhashmap-lru-1.4.2.jar
7fef60b22000-7fef60b27000 r--s 00017000 08:05 36964578                   /home/limbo/.gradle/caches/modules-2/files-2.1/org.hibernate.javax.persistence/hibernate-jpa-2.1-api/1.0.0.Final/5e731d961297e5a07290bfaf3db1fbc8bbbf405a/hibernate-jpa-2.1-api-1.0.0.Final.jar
7fef60b2c000-7fef60b2e000 r--s 00009000 08:05 27788428                   /home/limbo/.m2/repository/org/slf4j/slf4j-api/1.7.25/slf4j-api-1.7.25.jar
7fef60b33000-7fef60b80000 r--s 00410000 08:05 36964546                   /home/limbo/.gradle/caches/modules-2/files-2.1/org.codehaus.groovy/groovy/2.4.13/de7b73bed517fa1323aab391b719b59c3702391a/groovy-2.4.13.jar
7fef60b80000-7fef60b90000 r--s 00095000 08:05 36964815                   /home/limbo/.gradle/caches/modules-2/files-2.1/org.springframework.boot/spring-boot/1.5.8.RELEASE/748ebde51761e12627ad23d064024f342b18f9b4/spring-boot-1.5.8.RELEASE.jar
7fef60b97000-7fef60b99000 r--s 00004000 08:05 36964814                   /home/limbo/.gradle/caches/modules-2/files-2.1/org.slf4j/log4j-over-slf4j/1.7.25/a87bb47468f47ee7aabbd54f93e133d4215769c3/log4j-over-slf4j-1.7.25.jar
7fef60b9b000-7fef60b9d000 r--s 00000000 08:05 36964813                   /home/limbo/.gradle/caches/modules-2/files-2.1/org.slf4j/jul-to-slf4j/1.7.25/af5364cd6679bfffb114f0dec8a157aaa283b76/jul-to-slf4j-1.7.25.jar
7fef60b9e000-7fef60ba0000 r--s 00003000 08:05 36964812                   /home/limbo/.gradle/caches/modules-2/files-2.1/org.slf4j/jcl-over-slf4j/1.7.25/f8c32b13ff142a513eeb5b6330b1588dcb2c0461/jcl-over-slf4j-1.7.25.jar
7fef60ba0000-7fef60ba7000 r--s 00045000 08:05 36964811                   /home/limbo/.gradle/caches/modules-2/files-2.1/ch.qos.logback/logback-classic/1.1.11/ccedfbacef4a6515d2983e3f89ed753d5d4fb665/logback-classic-1.1.11.jar
7fef60ba9000-7fef60bab000 r--s 0001e000 08:05 36964810                   /home/limbo/.gradle/caches/modules-2/files-2.1/com.bertramlabs.plugins/asset-pipeline-grails/2.14.6/23889d1725fae5f1705a90bca409fad3e8721b98/asset-pipeline-grails-2.14.6.jar
7fef60bac000-7fef60baf000 r--s 00021000 08:05 36964809                   /home/limbo/.gradle/caches/modules-2/files-2.1/org.apache.tomcat/tomcat-jdbc/8.5.23/6036400a8f2d90dd3ae3a4d09e5136c56002887b/tomcat-jdbc-8.5.23.jar
7fef60bb1000-7fef60bc0000 r--s 001ae000 08:05 36964808                   /home/limbo/.gradle/caches/modules-2/files-2.1/com.h2database/h2/1.4.196/dd0034398d593aa3588c6773faac429bbd9aea0e/h2-1.4.196.jar
7fef60bc3000-7fef60bc6000 r--s 00018000 08:05 36964807                   /home/limbo/.gradle/caches/modules-2/files-2.1/org.glassfish.web/el-impl/2.1.2-b03/6bab1211b6e6b191fdbf06067bd05d2f75a62ac0/el-impl-2.1.2-b03.jar
7fef60bcc000-7fef60bd6000 r--s 00079000 08:05 36962379                   /home/limbo/.gradle/caches/modules-2/files-2.1/org.grails.plugins/spring-security-core/3.2.1/787fbf150eed167b226be8cc3d7c84d0370a5eaa/spring-security-core-3.2.1.jar
7fef60bd6000-7fef60bdb000 r--s 0004b000 08:05 36964806                   /home/limbo/.gradle/caches/modules-2/files-2.1/org.grails.plugins/gsp/3.3.0/207d8d9c87e33608297fcd9a97c2105043774287/gsp-3.3.0.jar
7fef60bdd000-7fef60c49000 r--s 0050a000 08:05 36964805                   /home/limbo/.gradle/caches/modules-2/files-2.1/org.hibernate/hibernate-core/5.1.5.Final/28366d161d448e82370e5bbd871eb2835ba0fb7b/hibernate-core-5.1.5.Final.jar
7fef60c49000-7fef60c4b000 r--s 00006000 08:05 36964544                   /home/limbo/.gradle/caches/modules-2/files-2.1/org.grails.plugins/hibernate5/6.1.8/4b432464dc97f05bb27f322186783b803f7e3d1a/hibernate5-6.1.8.jar
7fef60c4c000-7fef60c4d000 r--s 00001000 08:05 36964804                   /home/limbo/.gradle/caches/modules-2/files-2.1/org.grails.plugins/events/3.3.2/c43aed0886464bc62b8ef2c4963ea1bedeb19e6/events-3.3.2.jar
7fef60c51000-7fef60c53000 r--s 00006000 08:05 36964803                   /home/limbo/.gradle/caches/modules-2/files-2.1/org.grails.plugins/scaffolding/3.4.1/3794a2154aa473fd2281e1e36de398815a63e740/scaffolding-3.4.1.jar
7fef60c57000-7fef60c5a000 r--s 0000c000 08:05 36964802                   /home/limbo/.gradle/caches/modules-2/files-2.1/org.grails.plugins/async/3.3.2/849be6dcabfba176078915404451c4b4479c6d49/async-3.3.2.jar
7fef60c5c000-7fef60c5e000 r--s 00011000 08:05 36964801                   /home/limbo/.gradle/caches/modules-2/files-2.1/org.grails.plugins/cache/4.0.0/72be24e2f8b3e5407048f5cc5186dcd32e8de841/cache-4.0.0.jar
7fef60c63000-7fef60c64000 r--s 00008000 08:05 36964800                   /home/limbo/.gradle/caches/modules-2/files-2.1/org.grails/grails-plugin-interceptors/3.3.2/4f73122cdc8c27c27cedde83bd80e87c924dc197/grails-plugin-interceptors-3.3.2.jar
7fef60c67000-7fef60c69000 r--s 00004000 08:05 36964799                   /home/limbo/.gradle/caches/modules-2/files-2.1/org.grails/grails-plugin-url-mappings/3.3.2/bd54a241118067e6a9276b053fdd26b70e5ef65/grails-plugin-url-mappings-3.3.2.jar
7fef60c6e000-7fef60c70000 r--s 00003000 08:05 36964798                   /home/limbo/.gradle/caches/modules-2/files-2.1/org.grails/grails-plugin-services/3.3.2/ea22bd2a1edfe4aa09a4b14de4083d08bad7bf31/grails-plugin-services-3.3.2.jar
7fef60c76000-7fef60c77000 r--s 00003000 08:05 36964797                   /home/limbo/.gradle/caches/modules-2/files-2.1/org.grails/grails-plugin-i18n/3.3.2/6f01bb2a4ce26391b2bbf6bc04dc74904504b62c/grails-plugin-i18n-3.3.2.jar
7fef60c77000-7fef60c78000 r--s 00004000 08:05 36964796                   /home/limbo/.gradle/caches/modules-2/files-2.1/org.grails/grails-plugin-databinding/3.3.2/8d7ee9adb4ac2666fd5aa9cdc87a9e5138459c45/grails-plugin-databinding-3.3.2.jar
7fef60c7c000-7fef60c80000 r--s 00031000 08:05 36964795                   /home/limbo/.gradle/caches/modules-2/files-2.1/org.grails/grails-plugin-rest/3.3.2/d748b4fb52d140ecc3edcf8771a2135621993378/grails-plugin-rest-3.3.2.jar
7fef60c83000-7fef60c84000 r--s 00000000 08:05 36964794                   /home/limbo/.gradle/caches/modules-2/files-2.1/org.grails/grails-logging/3.3.2/4d1eb8335f81f9d0341688230c3d0f133b1e7cd4/grails-logging-3.3.2.jar
7fef60c84000-7fef60c85000 r--s 00001000 08:05 36964793                   /home/limbo/.gradle/caches/modules-2/files-2.1/org.grails/grails-web-boot/3.3.2/a0f4cc58704e6551121d0453968f7f834e529b4/grails-web-boot-3.3.2.jar
7fef60c89000-7fef60c96000 r--s 000ae000 08:05 36964790                   /home/limbo/.gradle/caches/modules-2/files-2.1/org.grails/grails-core/3.3.2/824db64a3117fdc40b2a6bd4b5444e536453e51d/grails-core-3.3.2.jar
7fef60c99000-7fef60cb9000 r--s 000e6000 08:05 36964789                   /home/limbo/.gradle/caches/modules-2/files-2.1/org.springframework.boot/spring-boot-autoconfigure/1.5.8.RELEASE/e4f2efa4c319f4e3613d94fbccfdb5ccda6873e3/spring-boot-autoconfigure-1.5.8.RELEASE.jar
7fef60cba000-7fef60cbd000 ---p 00000000 00:00 0 
7fef60cbd000-7fef60dbb000 rw-p 00000000 00:00 0 
7fef60dbb000-7fef611c4000 r--p 00000000 08:05 12588034                   /usr/lib/locale/locale-archive
7fef611cb000-7fef611ce000 ---p 00000000 00:00 0 
7fef611ce000-7fef612cc000 rw-p 00000000 00:00 0 
7fef612cc000-7fef612cf000 ---p 00000000 00:00 0 
7fef612cf000-7fef613cd000 rw-p 00000000 00:00 0 
7fef613cd000-7fef613ce000 ---p 00000000 00:00 0 
7fef613ce000-7fef61e25000 rw-p 00000000 00:00 0 
7fef61e25000-7fef61ff3000 r--s 03c1a000 08:05 14163888                   /home/limbo/.sdkman/candidates/java/8u144-openjdk/jre/lib/rt.jar
7fef61ff8000-7fef64178000 rw-p 00000000 00:00 0 
7fef64178000-7fef64179000 ---p 00000000 00:00 0 
7fef64179000-7fef64279000 rw-p 00000000 00:00 0 
7fef64279000-7fef6427a000 ---p 00000000 00:00 0 
7fef6427a000-7fef64671000 rw-p 00000000 00:00 0 
7fef64671000-7fef649bb000 ---p 00000000 00:00 0 
7fef649bb000-7fef6672b000 rwxp 00000000 00:00 0 
7fef6672b000-7fef739bb000 ---p 00000000 00:00 0 
7fef739bb000-7fef739d5000 r-xp 00000000 08:05 14163935                   /home/limbo/.sdkman/candidates/java/8u144-openjdk/jre/lib/amd64/libzip.so
7fef739d5000-7fef73bd4000 ---p 0001a000 08:05 14163935                   /home/limbo/.sdkman/candidates/java/8u144-openjdk/jre/lib/amd64/libzip.so
7fef73bd4000-7fef73bd5000 r--p 00019000 08:05 14163935                   /home/limbo/.sdkman/candidates/java/8u144-openjdk/jre/lib/amd64/libzip.so
7fef73bd5000-7fef73bd6000 rw-p 0001a000 08:05 14163935                   /home/limbo/.sdkman/candidates/java/8u144-openjdk/jre/lib/amd64/libzip.so
7fef73bdb000-7fef73be6000 r-xp 00000000 08:05 31462052                   /lib/x86_64-linux-gnu/libnss_files-2.23.so
7fef73be6000-7fef73de5000 ---p 0000b000 08:05 31462052                   /lib/x86_64-linux-gnu/libnss_files-2.23.so
7fef73de5000-7fef73de6000 r--p 0000a000 08:05 31462052                   /lib/x86_64-linux-gnu/libnss_files-2.23.so
7fef73de6000-7fef73de7000 rw-p 0000b000 08:05 31462052                   /lib/x86_64-linux-gnu/libnss_files-2.23.so
7fef73de7000-7fef73ded000 rw-p 00000000 00:00 0 
7fef73df3000-7fef73dfe000 r-xp 00000000 08:05 31462056                   /lib/x86_64-linux-gnu/libnss_nis-2.23.so
7fef73dfe000-7fef73ffd000 ---p 0000b000 08:05 31462056                   /lib/x86_64-linux-gnu/libnss_nis-2.23.so
7fef73ffd000-7fef73ffe000 r--p 0000a000 08:05 31462056                   /lib/x86_64-linux-gnu/libnss_nis-2.23.so
7fef73ffe000-7fef73fff000 rw-p 0000b000 08:05 31462056                   /lib/x86_64-linux-gnu/libnss_nis-2.23.so
7fef74000000-7fef75ad5000 rw-p 00000000 00:00 0 
7fef75ad5000-7fef78000000 ---p 00000000 00:00 0 
7fef78003000-7fef78004000 r--s 00000000 08:05 36964792                   /home/limbo/.gradle/caches/modules-2/files-2.1/org.springframework.boot/spring-boot-starter-tomcat/1.5.8.RELEASE/cf3b7eb7e192a60ab1dd09e4f8bce82710a5feb0/spring-boot-starter-tomcat-1.5.8.RELEASE.jar
7fef7800b000-7fef7800c000 r--s 00000000 08:05 36964791                   /home/limbo/.gradle/caches/modules-2/files-2.1/org.springframework.boot/spring-boot-starter-actuator/1.5.8.RELEASE/927c40a1af518dc240dfdf7aaf0a9673c3a127c5/spring-boot-starter-actuator-1.5.8.RELEASE.jar
7fef78013000-7fef78029000 r-xp 00000000 08:05 31457306                   /lib/x86_64-linux-gnu/libnsl-2.23.so
7fef78029000-7fef78228000 ---p 00016000 08:05 31457306                   /lib/x86_64-linux-gnu/libnsl-2.23.so
7fef78228000-7fef78229000 r--p 00015000 08:05 31457306                   /lib/x86_64-linux-gnu/libnsl-2.23.so
7fef78229000-7fef7822a000 rw-p 00016000 08:05 31457306                   /lib/x86_64-linux-gnu/libnsl-2.23.so
7fef7822a000-7fef7822c000 rw-p 00000000 00:00 0 
7fef78233000-7fef7823b000 r-xp 00000000 08:05 31462047                   /lib/x86_64-linux-gnu/libnss_compat-2.23.so
7fef7823b000-7fef7843a000 ---p 00008000 08:05 31462047                   /lib/x86_64-linux-gnu/libnss_compat-2.23.so
7fef7843a000-7fef7843b000 r--p 00007000 08:05 31462047                   /lib/x86_64-linux-gnu/libnss_compat-2.23.so
7fef7843b000-7fef7843c000 rw-p 00008000 08:05 31462047                   /lib/x86_64-linux-gnu/libnss_compat-2.23.so
7fef78443000-7fef7844d000 r-xp 00000000 08:05 14163941                   /home/limbo/.sdkman/candidates/java/8u144-openjdk/jre/lib/amd64/libinstrument.so
7fef7844d000-7fef7864c000 ---p 0000a000 08:05 14163941                   /home/limbo/.sdkman/candidates/java/8u144-openjdk/jre/lib/amd64/libinstrument.so
7fef7864c000-7fef7864d000 r--p 00009000 08:05 14163941                   /home/limbo/.sdkman/candidates/java/8u144-openjdk/jre/lib/amd64/libinstrument.so
7fef7864d000-7fef7864e000 rw-p 0000a000 08:05 14163941                   /home/limbo/.sdkman/candidates/java/8u144-openjdk/jre/lib/amd64/libinstrument.so
7fef78653000-7fef78681000 r-xp 00000000 08:05 14163919                   /home/limbo/.sdkman/candidates/java/8u144-openjdk/jre/lib/amd64/libjava.so
7fef78681000-7fef78880000 ---p 0002e000 08:05 14163919                   /home/limbo/.sdkman/candidates/java/8u144-openjdk/jre/lib/amd64/libjava.so
7fef78880000-7fef78881000 r--p 0002d000 08:05 14163919                   /home/limbo/.sdkman/candidates/java/8u144-openjdk/jre/lib/amd64/libjava.so
7fef78881000-7fef78883000 rw-p 0002e000 08:05 14163919                   /home/limbo/.sdkman/candidates/java/8u144-openjdk/jre/lib/amd64/libjava.so
7fef78883000-7fef78890000 r-xp 00000000 08:05 14163942                   /home/limbo/.sdkman/candidates/java/8u144-openjdk/jre/lib/amd64/libverify.so
7fef78890000-7fef78a8f000 ---p 0000d000 08:05 14163942                   /home/limbo/.sdkman/candidates/java/8u144-openjdk/jre/lib/amd64/libverify.so
7fef78a8f000-7fef78a91000 r--p 0000c000 08:05 14163942                   /home/limbo/.sdkman/candidates/java/8u144-openjdk/jre/lib/amd64/libverify.so
7fef78a91000-7fef78a92000 rw-p 0000e000 08:05 14163942                   /home/limbo/.sdkman/candidates/java/8u144-openjdk/jre/lib/amd64/libverify.so
7fef78a93000-7fef78a9a000 r-xp 00000000 08:05 31462057                   /lib/x86_64-linux-gnu/librt-2.23.so
7fef78a9a000-7fef78c99000 ---p 00007000 08:05 31462057                   /lib/x86_64-linux-gnu/librt-2.23.so
7fef78c99000-7fef78c9a000 r--p 00006000 08:05 31462057                   /lib/x86_64-linux-gnu/librt-2.23.so
7fef78c9a000-7fef78c9b000 rw-p 00007000 08:05 31462057                   /lib/x86_64-linux-gnu/librt-2.23.so
7fef78c9b000-7fef78da3000 r-xp 00000000 08:05 31457295                   /lib/x86_64-linux-gnu/libm-2.23.so
7fef78da3000-7fef78fa2000 ---p 00108000 08:05 31457295                   /lib/x86_64-linux-gnu/libm-2.23.so
7fef78fa2000-7fef78fa3000 r--p 00107000 08:05 31457295                   /lib/x86_64-linux-gnu/libm-2.23.so
7fef78fa3000-7fef78fa4000 rw-p 00108000 08:05 31457295                   /lib/x86_64-linux-gnu/libm-2.23.so
7fef78fab000-7fef79c14000 r-xp 00000000 08:05 14163956                   /home/limbo/.sdkman/candidates/java/8u144-openjdk/jre/lib/amd64/server/libjvm.so
7fef79c14000-7fef79e14000 ---p 00c69000 08:05 14163956                   /home/limbo/.sdkman/candidates/java/8u144-openjdk/jre/lib/amd64/server/libjvm.so
7fef79e14000-7fef79ea8000 r--p 00c69000 08:05 14163956                   /home/limbo/.sdkman/candidates/java/8u144-openjdk/jre/lib/amd64/server/libjvm.so
7fef79ea8000-7fef79ed1000 rw-p 00cfd000 08:05 14163956                   /home/limbo/.sdkman/candidates/java/8u144-openjdk/jre/lib/amd64/server/libjvm.so
7fef79ed1000-7fef79f01000 rw-p 00000000 00:00 0 
7fef79f03000-7fef79f1b000 r-xp 00000000 08:05 31461860                   /lib/x86_64-linux-gnu/libpthread-2.23.so
7fef79f1b000-7fef7a11a000 ---p 00018000 08:05 31461860                   /lib/x86_64-linux-gnu/libpthread-2.23.so
7fef7a11a000-7fef7a11b000 r--p 00017000 08:05 31461860                   /lib/x86_64-linux-gnu/libpthread-2.23.so
7fef7a11b000-7fef7a11c000 rw-p 00018000 08:05 31461860                   /lib/x86_64-linux-gnu/libpthread-2.23.so
7fef7a11c000-7fef7a120000 rw-p 00000000 00:00 0 
7fef7a123000-7fef7a126000 r-xp 00000000 08:05 31462041                   /lib/x86_64-linux-gnu/libdl-2.23.so
7fef7a126000-7fef7a325000 ---p 00003000 08:05 31462041                   /lib/x86_64-linux-gnu/libdl-2.23.so
7fef7a325000-7fef7a326000 r--p 00002000 08:05 31462041                   /lib/x86_64-linux-gnu/libdl-2.23.so
7fef7a326000-7fef7a327000 rw-p 00003000 08:05 31462041                   /lib/x86_64-linux-gnu/libdl-2.23.so
7fef7a32b000-7fef7a4eb000 r-xp 00000000 08:05 31462039                   /lib/x86_64-linux-gnu/libc-2.23.so
7fef7a4eb000-7fef7a6eb000 ---p 001c0000 08:05 31462039                   /lib/x86_64-linux-gnu/libc-2.23.so
7fef7a6eb000-7fef7a6ef000 r--p 001c0000 08:05 31462039                   /lib/x86_64-linux-gnu/libc-2.23.so
7fef7a6ef000-7fef7a6f1000 rw-p 001c4000 08:05 31462039                   /lib/x86_64-linux-gnu/libc-2.23.so
7fef7a6f1000-7fef7a6f5000 rw-p 00000000 00:00 0 
7fef7a6fb000-7fef7a712000 r-xp 00000000 08:05 14683158                   /home/limbo/.sdkman/candidates/java/8u144-openjdk/lib/amd64/jli/libjli.so
7fef7a712000-7fef7a911000 ---p 00017000 08:05 14683158                   /home/limbo/.sdkman/candidates/java/8u144-openjdk/lib/amd64/jli/libjli.so
7fef7a911000-7fef7a912000 r--p 00016000 08:05 14683158                   /home/limbo/.sdkman/candidates/java/8u144-openjdk/lib/amd64/jli/libjli.so
7fef7a912000-7fef7a913000 rw-p 00017000 08:05 14683158                   /home/limbo/.sdkman/candidates/java/8u144-openjdk/lib/amd64/jli/libjli.so
7fef7a913000-7fef7a939000 r-xp 00000000 08:05 31461859                   /lib/x86_64-linux-gnu/ld-2.23.so
7fef7a93b000-7fef7a93c000 r--s 00000000 08:05 36964788                   /home/limbo/.gradle/caches/modules-2/files-2.1/org.springframework.boot/spring-boot-starter-logging/1.5.8.RELEASE/ebc00a0e46753d90431fdcc5e3d6b9fd3bf1564a/spring-boot-starter-logging-1.5.8.RELEASE.jar
7fef7a943000-7fef7aa23000 rw-p 00000000 00:00 0 
7fef7aa23000-7fef7aa2b000 rw-s 00000000 08:05 36962393                   /tmp/hsperfdata_limbo/5001
7fef7aa32000-7fef7aa33000 rw-p 00000000 00:00 0 
7fef7aa33000-7fef7aa34000 r--p 00000000 00:00 0 
7fef7aa34000-7fef7aa37000 ---p 00000000 00:00 0 
7fef7aa37000-7fef7ab38000 rw-p 00000000 00:00 0 
7fef7ab38000-7fef7ab39000 r--p 00025000 08:05 31461859                   /lib/x86_64-linux-gnu/ld-2.23.so
7fef7ab39000-7fef7ab3a000 rw-p 00026000 08:05 31461859                   /lib/x86_64-linux-gnu/ld-2.23.so
7fef7ab3a000-7fef7ab3c000 rw-p 00000000 00:00 0 
7fef7ab3c000-7fef7ab3d000 rw-p 00000000 00:00 0 
7fffae4cf000-7fffae4f6000 rw-p 00000000 00:00 0                          [stack]
7fffae4fb000-7fffae4fd000 r--p 00000000 00:00 0                          [vvar]
7fffae4fd000-7fffae4ff000 r-xp 00000000 00:00 0                          [vdso]
ffffffffff600000-ffffffffff601000 r-xp 00000000 00:00 0                  [vsyscall]

VM Arguments:
jvm_args: -Dendpoints.shutdown.enabled=true -Denv=development -Dfull.stacktrace=false -Dgrails.env=development -Dgrails.full.stacktrace=false -Dinfo.app.grailsVersion=3.3.2 -Dinfo.app.name=GestionPlaneacion -Dinfo.app.version=0.1 -Djdk.reflect.allowGetCallerClass=true -Drun.active=true -Dspring.output.ansi.enabled=always -Dspringloaded=inclusions=grails.plugins..*;synchronize=true;allowSplitPackages=true;cacheDir=/home/limbo/Documents/Programming/grails/Projects/GestionPlaneacion/build/springloaded -Dverbose=false -XX:+TieredCompilation -XX:TieredStopAtLevel=1 -XX:CICompilerCount=3 -javaagent:/home/limbo/.gradle/caches/modules-2/files-2.1/org.springframework/springloaded/1.2.8.RELEASE/b60bac05b0451cdc1863bfec617f39aa0dcaaa43/springloaded-1.2.8.RELEASE.jar -Xverify:none -Xms768m -Xmx768m -Dfile.encoding=UTF-8 -Duser.country=US -Duser.language=en -Duser.variant 
java_command: ecoax.Application
java_class_path (initial): /home/limbo/Documents/Programming/grails/Projects/GestionPlaneacion/src/main/resources:/home/limbo/Documents/Programming/grails/Projects/GestionPlaneacion/grails-app/views:/home/limbo/Documents/Programming/grails/Projects/GestionPlaneacion/grails-app/i18n:/home/limbo/Documents/Programming/grails/Projects/GestionPlaneacion/grails-app/conf:/home/limbo/Documents/Programming/grails/Projects/GestionPlaneacion/build/classes/main:/home/limbo/Documents/Programming/grails/Projects/GestionPlaneacion/build/resources/main:/home/limbo/Documents/Programming/grails/Projects/GestionPlaneacion/gsp-classes:/home/limbo/.gradle/caches/modules-2/files-2.1/org.springframework.boot/spring-boot-starter-logging/1.5.8.RELEASE/ebc00a0e46753d90431fdcc5e3d6b9fd3bf1564a/spring-boot-starter-logging-1.5.8.RELEASE.jar:/home/limbo/.gradle/caches/modules-2/files-2.1/org.springframework.boot/spring-boot-autoconfigure/1.5.8.RELEASE/e4f2efa4c319f4e3613d94fbccfdb5ccda6873e3/spring-boot-autoconfigure-1.5.8.RELEASE.jar:/home/limbo/.gradle/caches/modules-2/files-2.1/org.grails/grails-core/3.3.2/824db64a3117fdc40b2a6bd4b5444e536453e51d/grails-core-3.3.2.jar:/home/limbo/.gradle/caches/modules-2/files-2.1/org.springframework.boot/spring-boot-starter-actuator/1.5.8.RELEASE/927c40a1af518dc240dfdf7aaf0a9673c3a127c5/spring-boot-starter-actuator-1.5.8.RELEASE.jar:/home/limbo/.gradle/caches/modules-2/files-2.1/org.springframework.boot/spring-boot-starter-tomcat/1.5.8.RELEASE/cf3b7eb7e192a60ab1dd09e4f8bce82710a5feb0/spring-boot-starter-tomcat-1.5.8.RELEASE.jar:/home/limbo/.gradle/caches/modules-2/files-2.1/org.grails/grails-web-boot/3.3.2/a0f4cc58704e6551121d0453968f7f834e529b4/grails-web-boot-3.3.2.jar:/home/limbo/.gradle/caches/modules-2/files-2.1/org.grails/grails-logging/3.3.2/4d1eb8335f81f9d0341688230c3d0f133b1e7cd4/grails-logging-3.3.2.jar:/home/limbo/.gradle/caches/modules-2/files-2.1/org.grails/grails-plugin-rest/3.3.2/d748b4fb52d140ecc3edcf8771a2135621993378/grails-plugin-rest-3.
Launcher Type: SUN_STANDARD

Environment Variables:
JAVA_HOME=/home/limbo/.sdkman/candidates/java/current
PATH=/home/limbo/.sdkman/candidates/java/current/bin:/home/limbo/.sdkman/candidates/grails/current/bin:/home/limbo/bin:/home/limbo/.local/bin:/usr/local/sbin:/usr/local/bin:/usr/sbin:/usr/bin:/sbin:/bin:/usr/games:/usr/local/games
SHELL=/bin/bash
DISPLAY=:0

Signal Handlers:
SIGSEGV: [libjvm.so+0xa6a0b0], sa_mask[0]=11111111011111111101111111111110, sa_flags=SA_RESTART|SA_SIGINFO
SIGBUS: [libjvm.so+0xa6a0b0], sa_mask[0]=11111111011111111101111111111110, sa_flags=SA_RESTART|SA_SIGINFO
SIGFPE: [libjvm.so+0x8b2080], sa_mask[0]=11111111011111111101111111111110, sa_flags=SA_RESTART|SA_SIGINFO
SIGPIPE: [libjvm.so+0x8b2080], sa_mask[0]=11111111011111111101111111111110, sa_flags=SA_RESTART|SA_SIGINFO
SIGXFSZ: [libjvm.so+0x8b2080], sa_mask[0]=11111111011111111101111111111110, sa_flags=SA_RESTART|SA_SIGINFO
SIGILL: [libjvm.so+0x8b2080], sa_mask[0]=11111111011111111101111111111110, sa_flags=SA_RESTART|SA_SIGINFO
SIGUSR1: SIG_DFL, sa_mask[0]=00000000000000000000000000000000, sa_flags=none
SIGUSR2: [libjvm.so+0x8b1f30], sa_mask[0]=00100000000000000000000000000000, sa_flags=SA_RESTART|SA_SIGINFO
SIGHUP: [libjvm.so+0x8b2400], sa_mask[0]=11111111011111111101111111111110, sa_flags=SA_RESTART|SA_SIGINFO
SIGINT: [libjvm.so+0x8b2400], sa_mask[0]=11111111011111111101111111111110, sa_flags=SA_RESTART|SA_SIGINFO
SIGTERM: [libjvm.so+0x8b2400], sa_mask[0]=11111111011111111101111111111110, sa_flags=SA_RESTART|SA_SIGINFO
SIGQUIT: [libjvm.so+0x8b2400], sa_mask[0]=11111111011111111101111111111110, sa_flags=SA_RESTART|SA_SIGINFO


---------------  S Y S T E M  ---------------

OS:DISTRIB_ID=LinuxMint
DISTRIB_RELEASE=18.3
DISTRIB_CODENAME=sylvia
DISTRIB_DESCRIPTION="Linux Mint 18.3 Sylvia"

uname:Linux 4.10.0-38-generic #42~16.04.1-Ubuntu SMP Tue Oct 10 16:32:20 UTC 2017 x86_64
libc:glibc 2.23 NPTL 2.23 
rlimit: STACK 8192k, CORE 0k, NPROC 21462, NOFILE 1048576, AS infinity
load average:0.42 0.28 0.51

/proc/meminfo:
MemTotal:        5541352 kB
MemFree:          811624 kB
MemAvailable:    1597340 kB
Buffers:           75496 kB
Cached:           937100 kB
SwapCached:         2248 kB
Active:          3648480 kB
Inactive:         815844 kB
Active(anon):    2963932 kB
Inactive(anon):   540680 kB
Active(file):     684548 kB
Inactive(file):   275164 kB
Unevictable:         160 kB
Mlocked:             160 kB
SwapTotal:       5712892 kB
SwapFree:        5691596 kB
Dirty:               804 kB
Writeback:             0 kB
AnonPages:       3401320 kB
Mapped:           528224 kB
Shmem:             52864 kB
Slab:             114684 kB
SReclaimable:      74372 kB
SUnreclaim:        40312 kB
KernelStack:       10656 kB
PageTables:        48576 kB
NFS_Unstable:          0 kB
Bounce:                0 kB
WritebackTmp:          0 kB
CommitLimit:     8483568 kB
Committed_AS:   11203744 kB
VmallocTotal:   34359738367 kB
VmallocUsed:           0 kB
VmallocChunk:          0 kB
HardwareCorrupted:     0 kB
AnonHugePages:   2330624 kB
ShmemHugePages:        0 kB
ShmemPmdMapped:        0 kB
CmaTotal:              0 kB
CmaFree:               0 kB
HugePages_Total:       0
HugePages_Free:        0
HugePages_Rsvd:        0
HugePages_Surp:        0
Hugepagesize:       2048 kB
DirectMap4k:      241404 kB
DirectMap2M:     5474304 kB
DirectMap1G:     1048576 kB


CPU:total 2 (initial active 2) (2 cores per cpu, 1 threads per core) family 21 model 16 stepping 1, cmov, cx8, fxsr, mmx, sse, sse2, sse3, ssse3, sse4.1, sse4.2, popcnt, avx, aes, clmul, mmxext, 3dnowpref, lzcnt, sse4a, tsc, tscinvbit, tscinv, bmi1

/proc/cpuinfo:
processor	: 0
vendor_id	: AuthenticAMD
cpu family	: 21
model		: 16
model name	: AMD A6-4455M APU with Radeon(tm) HD Graphics
stepping	: 1
microcode	: 0x6001116
cpu MHz		: 2100.000
cache size	: 2048 KB
physical id	: 0
siblings	: 2
core id		: 0
cpu cores	: 1
apicid		: 16
initial apicid	: 0
fpu		: yes
fpu_exception	: yes
cpuid level	: 13
wp		: yes
flags		: fpu vme de pse tsc msr pae mce cx8 apic sep mtrr pge mca cmov pat pse36 clflush mmx fxsr sse sse2 ht syscall nx mmxext fxsr_opt pdpe1gb rdtscp lm constant_tsc rep_good nopl nonstop_tsc extd_apicid aperfmperf pni pclmulqdq monitor ssse3 fma cx16 sse4_1 sse4_2 popcnt aes xsave avx f16c lahf_lm cmp_legacy svm extapic cr8_legacy abm sse4a misalignsse 3dnowprefetch osvw ibs xop skinit wdt lwp fma4 tce nodeid_msr tbm topoext perfctr_core perfctr_nb cpb hw_pstate vmmcall bmi1 arat npt lbrv svm_lock nrip_save tsc_scale vmcb_clean flushbyasid decodeassists pausefilter pfthreshold
bugs		: fxsave_leak sysret_ss_attrs null_seg
bogomips	: 4192.05
TLB size	: 1536 4K pages
clflush size	: 64
cache_alignment	: 64
address sizes	: 48 bits physical, 48 bits virtual
power management: ts ttp tm 100mhzsteps hwpstate cpb eff_freq_ro

processor	: 1
vendor_id	: AuthenticAMD
cpu family	: 21
model		: 16
model name	: AMD A6-4455M APU with Radeon(tm) HD Graphics
stepping	: 1
microcode	: 0x6001116
cpu MHz		: 2100.000
cache size	: 2048 KB
physical id	: 0
siblings	: 2
core id		: 1
cpu cores	: 1
apicid		: 17
initial apicid	: 1
fpu		: yes
fpu_exception	: yes
cpuid level	: 13
wp		: yes
flags		: fpu vme de pse tsc msr pae mce cx8 apic sep mtrr pge mca cmov pat pse36 clflush mmx fxsr sse sse2 ht syscall nx mmxext fxsr_opt pdpe1gb rdtscp lm constant_tsc rep_good nopl nonstop_tsc extd_apicid aperfmperf pni pclmulqdq monitor ssse3 fma cx16 sse4_1 sse4_2 popcnt aes xsave avx f16c lahf_lm cmp_legacy svm extapic cr8_legacy abm sse4a misalignsse 3dnowprefetch osvw ibs xop skinit wdt lwp fma4 tce nodeid_msr tbm topoext perfctr_core perfctr_nb cpb hw_pstate vmmcall bmi1 arat npt lbrv svm_lock nrip_save tsc_scale vmcb_clean flushbyasid decodeassists pausefilter pfthreshold
bugs		: fxsave_leak sysret_ss_attrs null_seg
bogomips	: 4192.05
TLB size	: 1536 4K pages
clflush size	: 64
cache_alignment	: 64
address sizes	: 48 bits physical, 48 bits virtual
power management: ts ttp tm 100mhzsteps hwpstate cpb eff_freq_ro



Memory: 4k page, physical 5541352k(811624k free), swap 5712892k(5691596k free)

vm_info: OpenJDK 64-Bit Server VM (25.71-b00) for linux-amd64 JRE (1.8.0-internal-jenkins_2017_07_27_20_16-b00), built on Jul 27 2017 20:17:31 by "jenkins" with gcc 5.4.0 20160609

time: Wed May 23 18:48:09 2018
elapsed time: 4078 seconds (0d 1h 7m 58s)

